[debug] [2025-04-24T10:14:35.791Z] ----------------------------------------------------------------------
[debug] [2025-04-24T10:14:35.793Z] Command:       /Users/georgeaddai/.nvm/versions/node/v23.11.0/bin/node /Users/georgeaddai/.nvm/versions/node/v23.11.0/bin/firebase deploy --only functions:functions-asmi
[debug] [2025-04-24T10:14:35.793Z] CLI Version:   14.2.0
[debug] [2025-04-24T10:14:35.793Z] Platform:      darwin
[debug] [2025-04-24T10:14:35.793Z] Node Version:  v23.11.0
[debug] [2025-04-24T10:14:35.793Z] Time:          Thu Apr 24 2025 12:14:35 GMT+0200 (Central European Summer Time)
[debug] [2025-04-24T10:14:35.793Z] ----------------------------------------------------------------------
[debug] 
[debug] [2025-04-24T10:14:35.874Z] > command requires scopes: ["email","openid","https://www.googleapis.com/auth/cloudplatformprojects.readonly","https://www.googleapis.com/auth/firebase","https://www.googleapis.com/auth/cloud-platform"]
[debug] [2025-04-24T10:14:35.875Z] > authorizing via signed-in user (akwasivdsm@gmail.com)
[debug] [2025-04-24T10:14:35.875Z] [iam] checking project asmi-tj for permissions ["cloudfunctions.functions.create","cloudfunctions.functions.delete","cloudfunctions.functions.get","cloudfunctions.functions.list","cloudfunctions.functions.update","cloudfunctions.operations.get","firebase.projects.get"]
[debug] [2025-04-24T10:14:35.875Z] Checked if tokens are valid: true, expires at: 1745492342588
[debug] [2025-04-24T10:14:35.875Z] Checked if tokens are valid: true, expires at: 1745492342588
[debug] [2025-04-24T10:14:35.876Z] >>> [apiv2][query] POST https://cloudresourcemanager.googleapis.com/v1/projects/asmi-tj:testIamPermissions [none]
[debug] [2025-04-24T10:14:35.876Z] >>> [apiv2][(partial)header] POST https://cloudresourcemanager.googleapis.com/v1/projects/asmi-tj:testIamPermissions x-goog-quota-user=projects/asmi-tj
[debug] [2025-04-24T10:14:35.876Z] >>> [apiv2][body] POST https://cloudresourcemanager.googleapis.com/v1/projects/asmi-tj:testIamPermissions {"permissions":["cloudfunctions.functions.create","cloudfunctions.functions.delete","cloudfunctions.functions.get","cloudfunctions.functions.list","cloudfunctions.functions.update","cloudfunctions.operations.get","firebase.projects.get"]}
[debug] [2025-04-24T10:14:36.665Z] <<< [apiv2][status] POST https://cloudresourcemanager.googleapis.com/v1/projects/asmi-tj:testIamPermissions 200
[debug] [2025-04-24T10:14:36.665Z] <<< [apiv2][body] POST https://cloudresourcemanager.googleapis.com/v1/projects/asmi-tj:testIamPermissions {"permissions":["cloudfunctions.functions.create","cloudfunctions.functions.delete","cloudfunctions.functions.get","cloudfunctions.functions.list","cloudfunctions.functions.update","cloudfunctions.operations.get","firebase.projects.get"]}
[debug] [2025-04-24T10:14:36.665Z] Checked if tokens are valid: true, expires at: 1745492342588
[debug] [2025-04-24T10:14:36.665Z] Checked if tokens are valid: true, expires at: 1745492342588
[debug] [2025-04-24T10:14:36.665Z] >>> [apiv2][query] POST https://iam.googleapis.com/v1/projects/asmi-tj/serviceAccounts/asmi-tj@appspot.gserviceaccount.com:testIamPermissions [none]
[debug] [2025-04-24T10:14:36.665Z] >>> [apiv2][body] POST https://iam.googleapis.com/v1/projects/asmi-tj/serviceAccounts/asmi-tj@appspot.gserviceaccount.com:testIamPermissions {"permissions":["iam.serviceAccounts.actAs"]}
[debug] [2025-04-24T10:14:37.410Z] <<< [apiv2][status] POST https://iam.googleapis.com/v1/projects/asmi-tj/serviceAccounts/asmi-tj@appspot.gserviceaccount.com:testIamPermissions 200
[debug] [2025-04-24T10:14:37.410Z] <<< [apiv2][body] POST https://iam.googleapis.com/v1/projects/asmi-tj/serviceAccounts/asmi-tj@appspot.gserviceaccount.com:testIamPermissions {"permissions":["iam.serviceAccounts.actAs"]}
[info] 
[info] === Deploying to 'asmi-tj'...
[info] 
[info] i  deploying functions 
[info] Running command: npm --prefix "$RESOURCE_DIR" run build
[info] ✔  functions: Finished running predeploy script. 
[debug] [2025-04-24T10:14:38.505Z] Checked if tokens are valid: true, expires at: 1745492342588
[debug] [2025-04-24T10:14:38.505Z] Checked if tokens are valid: true, expires at: 1745492342588
[debug] [2025-04-24T10:14:38.505Z] >>> [apiv2][query] GET https://cloudresourcemanager.googleapis.com/v1/projects/asmi-tj [none]
[debug] [2025-04-24T10:14:38.693Z] <<< [apiv2][status] GET https://cloudresourcemanager.googleapis.com/v1/projects/asmi-tj 200
[debug] [2025-04-24T10:14:38.693Z] <<< [apiv2][body] GET https://cloudresourcemanager.googleapis.com/v1/projects/asmi-tj {"projectNumber":"562980239653","projectId":"asmi-tj","lifecycleState":"ACTIVE","name":"projectai","labels":{"firebase":"enabled","firebase-core":"disabled"},"createTime":"2025-04-23T16:28:44.312743Z"}
[info] i  functions: preparing codebase functions-asmi for deployment 
[info] i  functions: ensuring required API cloudfunctions.googleapis.com is enabled... 
[debug] [2025-04-24T10:14:38.694Z] Checked if tokens are valid: true, expires at: 1745492342588
[debug] [2025-04-24T10:14:38.694Z] Checked if tokens are valid: true, expires at: 1745492342588
[debug] [2025-04-24T10:14:38.694Z] Checked if tokens are valid: true, expires at: 1745492342588
[debug] [2025-04-24T10:14:38.694Z] Checked if tokens are valid: true, expires at: 1745492342588
[info] i  functions: ensuring required API cloudbuild.googleapis.com is enabled... 
[debug] [2025-04-24T10:14:38.694Z] Checked if tokens are valid: true, expires at: 1745492342588
[debug] [2025-04-24T10:14:38.694Z] Checked if tokens are valid: true, expires at: 1745492342588
[info] i  artifactregistry: ensuring required API artifactregistry.googleapis.com is enabled... 
[debug] [2025-04-24T10:14:38.695Z] Checked if tokens are valid: true, expires at: 1745492342588
[debug] [2025-04-24T10:14:38.695Z] Checked if tokens are valid: true, expires at: 1745492342588
[debug] [2025-04-24T10:14:38.695Z] >>> [apiv2][query] GET https://serviceusage.googleapis.com/v1/projects/asmi-tj/services/cloudfunctions.googleapis.com [none]
[debug] [2025-04-24T10:14:38.695Z] >>> [apiv2][(partial)header] GET https://serviceusage.googleapis.com/v1/projects/asmi-tj/services/cloudfunctions.googleapis.com x-goog-quota-user=projects/asmi-tj
[debug] [2025-04-24T10:14:38.695Z] >>> [apiv2][query] GET https://serviceusage.googleapis.com/v1/projects/asmi-tj/services/runtimeconfig.googleapis.com [none]
[debug] [2025-04-24T10:14:38.695Z] >>> [apiv2][(partial)header] GET https://serviceusage.googleapis.com/v1/projects/asmi-tj/services/runtimeconfig.googleapis.com x-goog-quota-user=projects/asmi-tj
[debug] [2025-04-24T10:14:38.696Z] >>> [apiv2][query] GET https://serviceusage.googleapis.com/v1/projects/asmi-tj/services/cloudbuild.googleapis.com [none]
[debug] [2025-04-24T10:14:38.696Z] >>> [apiv2][(partial)header] GET https://serviceusage.googleapis.com/v1/projects/asmi-tj/services/cloudbuild.googleapis.com x-goog-quota-user=projects/asmi-tj
[debug] [2025-04-24T10:14:38.696Z] >>> [apiv2][query] GET https://serviceusage.googleapis.com/v1/projects/asmi-tj/services/artifactregistry.googleapis.com [none]
[debug] [2025-04-24T10:14:38.696Z] >>> [apiv2][(partial)header] GET https://serviceusage.googleapis.com/v1/projects/asmi-tj/services/artifactregistry.googleapis.com x-goog-quota-user=projects/asmi-tj
[debug] [2025-04-24T10:14:39.586Z] <<< [apiv2][status] GET https://serviceusage.googleapis.com/v1/projects/asmi-tj/services/runtimeconfig.googleapis.com 200
[debug] [2025-04-24T10:14:39.586Z] <<< [apiv2][body] GET https://serviceusage.googleapis.com/v1/projects/asmi-tj/services/runtimeconfig.googleapis.com [omitted]
[debug] [2025-04-24T10:14:39.588Z] <<< [apiv2][status] GET https://serviceusage.googleapis.com/v1/projects/asmi-tj/services/cloudbuild.googleapis.com 200
[debug] [2025-04-24T10:14:39.588Z] <<< [apiv2][body] GET https://serviceusage.googleapis.com/v1/projects/asmi-tj/services/cloudbuild.googleapis.com [omitted]
[info] ✔  functions: required API cloudbuild.googleapis.com is enabled 
[debug] [2025-04-24T10:14:39.599Z] <<< [apiv2][status] GET https://serviceusage.googleapis.com/v1/projects/asmi-tj/services/artifactregistry.googleapis.com 200
[debug] [2025-04-24T10:14:39.599Z] <<< [apiv2][body] GET https://serviceusage.googleapis.com/v1/projects/asmi-tj/services/artifactregistry.googleapis.com [omitted]
[info] ✔  artifactregistry: required API artifactregistry.googleapis.com is enabled 
[debug] [2025-04-24T10:14:39.602Z] <<< [apiv2][status] GET https://serviceusage.googleapis.com/v1/projects/asmi-tj/services/cloudfunctions.googleapis.com 200
[debug] [2025-04-24T10:14:39.602Z] <<< [apiv2][body] GET https://serviceusage.googleapis.com/v1/projects/asmi-tj/services/cloudfunctions.googleapis.com [omitted]
[info] ✔  functions: required API cloudfunctions.googleapis.com is enabled 
[debug] [2025-04-24T10:14:39.602Z] Checked if tokens are valid: true, expires at: 1745492342588
[debug] [2025-04-24T10:14:39.602Z] Checked if tokens are valid: true, expires at: 1745492342588
[debug] [2025-04-24T10:14:39.602Z] >>> [apiv2][query] GET https://firebase.googleapis.com/v1beta1/projects/asmi-tj/adminSdkConfig [none]
[debug] [2025-04-24T10:14:40.138Z] <<< [apiv2][status] GET https://firebase.googleapis.com/v1beta1/projects/asmi-tj/adminSdkConfig 200
[debug] [2025-04-24T10:14:40.139Z] <<< [apiv2][body] GET https://firebase.googleapis.com/v1beta1/projects/asmi-tj/adminSdkConfig {"projectId":"asmi-tj","storageBucket":"asmi-tj.firebasestorage.app"}
[debug] [2025-04-24T10:14:40.139Z] Checked if tokens are valid: true, expires at: 1745492342588
[debug] [2025-04-24T10:14:40.139Z] Checked if tokens are valid: true, expires at: 1745492342588
[debug] [2025-04-24T10:14:40.139Z] >>> [apiv2][query] GET https://runtimeconfig.googleapis.com/v1beta1/projects/asmi-tj/configs [none]
[debug] [2025-04-24T10:14:40.568Z] <<< [apiv2][status] GET https://runtimeconfig.googleapis.com/v1beta1/projects/asmi-tj/configs 200
[debug] [2025-04-24T10:14:40.568Z] <<< [apiv2][body] GET https://runtimeconfig.googleapis.com/v1beta1/projects/asmi-tj/configs {"configs":[{"name":"projects/asmi-tj/configs/clerk"}]}
[debug] [2025-04-24T10:14:40.569Z] Checked if tokens are valid: true, expires at: 1745492342588
[debug] [2025-04-24T10:14:40.569Z] Checked if tokens are valid: true, expires at: 1745492342588
[debug] [2025-04-24T10:14:40.569Z] >>> [apiv2][query] GET https://runtimeconfig.googleapis.com/v1beta1/projects/asmi-tj/configs/clerk/variables [none]
[debug] [2025-04-24T10:14:40.762Z] <<< [apiv2][status] GET https://runtimeconfig.googleapis.com/v1beta1/projects/asmi-tj/configs/clerk/variables 200
[debug] [2025-04-24T10:14:40.762Z] <<< [apiv2][body] GET https://runtimeconfig.googleapis.com/v1beta1/projects/asmi-tj/configs/clerk/variables {"variables":[{"name":"projects/asmi-tj/configs/clerk/variables/publishable_key","updateTime":"2025-04-24T09:50:35.638068707Z"},{"name":"projects/asmi-tj/configs/clerk/variables/secret_key","updateTime":"2025-04-24T09:50:35.469581504Z"}]}
[debug] [2025-04-24T10:14:40.762Z] Checked if tokens are valid: true, expires at: 1745492342588
[debug] [2025-04-24T10:14:40.762Z] Checked if tokens are valid: true, expires at: 1745492342588
[debug] [2025-04-24T10:14:40.762Z] Checked if tokens are valid: true, expires at: 1745492342588
[debug] [2025-04-24T10:14:40.762Z] Checked if tokens are valid: true, expires at: 1745492342588
[debug] [2025-04-24T10:14:40.762Z] >>> [apiv2][query] GET https://runtimeconfig.googleapis.com/v1beta1/projects/asmi-tj/configs/clerk/variables/publishable_key [none]
[debug] [2025-04-24T10:14:40.762Z] >>> [apiv2][query] GET https://runtimeconfig.googleapis.com/v1beta1/projects/asmi-tj/configs/clerk/variables/secret_key [none]
[debug] [2025-04-24T10:14:40.954Z] <<< [apiv2][status] GET https://runtimeconfig.googleapis.com/v1beta1/projects/asmi-tj/configs/clerk/variables/publishable_key 200
[debug] [2025-04-24T10:14:40.954Z] <<< [apiv2][body] GET https://runtimeconfig.googleapis.com/v1beta1/projects/asmi-tj/configs/clerk/variables/publishable_key {"name":"projects/asmi-tj/configs/clerk/variables/publishable_key","updateTime":"2025-04-24T09:50:35.638068707Z","text":"pk_live_Y2xlcmsuanVudGVyLmV1JA"}
[debug] [2025-04-24T10:14:41.507Z] <<< [apiv2][status] GET https://runtimeconfig.googleapis.com/v1beta1/projects/asmi-tj/configs/clerk/variables/secret_key 200
[debug] [2025-04-24T10:14:41.507Z] <<< [apiv2][body] GET https://runtimeconfig.googleapis.com/v1beta1/projects/asmi-tj/configs/clerk/variables/secret_key {"name":"projects/asmi-tj/configs/clerk/variables/secret_key","updateTime":"2025-04-24T09:50:35.469581504Z","text":"sk_live_hEUWpfMYNnfUlApiG6l6b8uJLEatla9vrl3lyhvssW"}
[debug] [2025-04-24T10:14:41.508Z] Validating nodejs source
[debug] [2025-04-24T10:14:41.956Z] > [functions] package.json contents: {
  "name": "functions",
  "scripts": {
    "build": "tsc",
    "build:watch": "tsc --watch",
    "serve": "npm run build && firebase emulators:start --only functions:functions-asmi",
    "shell": "npm run build && firebase functions:shell",
    "start": "npm run shell",
    "deploy": "firebase deploy --only functions:functions-asmi",
    "logs": "firebase functions:log"
  },
  "engines": {
    "node": "22"
  },
  "main": "lib/index.js",
  "dependencies": {
    "express": "^5.1.0",
    "firebase-admin": "^12.6.0",
    "firebase-functions": "^6.0.1"
  },
  "devDependencies": {
    "firebase-functions-test": "^3.1.0",
    "typescript": "^4.9.0"
  },
  "private": true
}
[debug] [2025-04-24T10:14:41.956Z] Building nodejs source
[info] i  functions: Loading and analyzing source code for codebase functions-asmi to determine what to deploy 
[debug] [2025-04-24T10:14:41.956Z] Could not find functions.yaml. Must use http discovery
[debug] [2025-04-24T10:14:41.960Z] Found firebase-functions binary at '/Users/georgeaddai/Desktop/asmi/functions-asmi/node_modules/.bin/firebase-functions'
[info] Serving at port 8804

[debug] [2025-04-24T10:14:42.377Z] Got response from /__/functions.yaml {"endpoints":{"nextApp":{"availableMemoryMb":null,"timeoutSeconds":300,"minInstances":null,"maxInstances":null,"ingressSettings":null,"concurrency":null,"serviceAccountEmail":null,"vpc":null,"platform":"gcfv2","labels":{},"httpsTrigger":{},"entryPoint":"nextApp"}},"specVersion":"v1alpha1","requiredAPIs":[],"extensions":{}}
[error] /Users/georgeaddai/Desktop/asmi/node_modules/next/dist/server/lib/router-utils/filesystem.js:148
            throw Object.defineProperty(new Error(`Could not find a production build in the '${opts.config.distDir}' directory. Try building your app with 'next build' before starting the production server. https://nextjs.org/docs/messages/production-start-no-build-id`), "__NEXT_ERROR_CODE", {
                                        ^

Error: Could not find a production build in the '.next' directory. Try building your app with 'next build' before starting the production server. https://nextjs.org/docs/messages/production-start-no-build-id
    at setupFsCheck (/Users/georgeaddai/Desktop/asmi/node_modules/next/dist/server/lib/router-utils/filesystem.js:148:41)
    at async initialize (/Users/georgeaddai/Desktop/asmi/node_modules/next/dist/server/lib/router-server.js:110:23)
    at async NextCustomServer.prepare (/Users/georgeaddai/Desktop/asmi/node_modules/next/dist/server/next.js:276:28)

Node.js v23.11.0

[info] i  extensions: ensuring required API firebaseextensions.googleapis.com is enabled... 
[debug] [2025-04-24T10:14:42.608Z] Checked if tokens are valid: true, expires at: 1745492342588
[debug] [2025-04-24T10:14:42.608Z] Checked if tokens are valid: true, expires at: 1745492342588
[debug] [2025-04-24T10:14:42.608Z] >>> [apiv2][query] GET https://serviceusage.googleapis.com/v1/projects/asmi-tj/services/firebaseextensions.googleapis.com [none]
[debug] [2025-04-24T10:14:42.608Z] >>> [apiv2][(partial)header] GET https://serviceusage.googleapis.com/v1/projects/asmi-tj/services/firebaseextensions.googleapis.com x-goog-quota-user=projects/asmi-tj
[debug] [2025-04-24T10:14:43.452Z] <<< [apiv2][status] GET https://serviceusage.googleapis.com/v1/projects/asmi-tj/services/firebaseextensions.googleapis.com 200
[debug] [2025-04-24T10:14:43.452Z] <<< [apiv2][body] GET https://serviceusage.googleapis.com/v1/projects/asmi-tj/services/firebaseextensions.googleapis.com [omitted]
[info] ✔  extensions: required API firebaseextensions.googleapis.com is enabled 
[debug] [2025-04-24T10:14:43.452Z] > command requires scopes: ["email","openid","https://www.googleapis.com/auth/cloudplatformprojects.readonly","https://www.googleapis.com/auth/firebase","https://www.googleapis.com/auth/cloud-platform"]
[debug] [2025-04-24T10:14:43.452Z] > authorizing via signed-in user (akwasivdsm@gmail.com)
[debug] [2025-04-24T10:14:43.452Z] [iam] checking project asmi-tj for permissions ["firebase.projects.get","firebaseextensions.instances.list"]
[debug] [2025-04-24T10:14:43.452Z] Checked if tokens are valid: true, expires at: 1745492342588
[debug] [2025-04-24T10:14:43.452Z] Checked if tokens are valid: true, expires at: 1745492342588
[debug] [2025-04-24T10:14:43.452Z] >>> [apiv2][query] POST https://cloudresourcemanager.googleapis.com/v1/projects/asmi-tj:testIamPermissions [none]
[debug] [2025-04-24T10:14:43.452Z] >>> [apiv2][(partial)header] POST https://cloudresourcemanager.googleapis.com/v1/projects/asmi-tj:testIamPermissions x-goog-quota-user=projects/asmi-tj
[debug] [2025-04-24T10:14:43.452Z] >>> [apiv2][body] POST https://cloudresourcemanager.googleapis.com/v1/projects/asmi-tj:testIamPermissions {"permissions":["firebase.projects.get","firebaseextensions.instances.list"]}
[debug] [2025-04-24T10:14:43.602Z] <<< [apiv2][status] POST https://cloudresourcemanager.googleapis.com/v1/projects/asmi-tj:testIamPermissions 200
[debug] [2025-04-24T10:14:43.602Z] <<< [apiv2][body] POST https://cloudresourcemanager.googleapis.com/v1/projects/asmi-tj:testIamPermissions {"permissions":["firebase.projects.get","firebaseextensions.instances.list"]}
[debug] [2025-04-24T10:14:43.602Z] Checked if tokens are valid: true, expires at: 1745492342588
[debug] [2025-04-24T10:14:43.602Z] Checked if tokens are valid: true, expires at: 1745492342588
[debug] [2025-04-24T10:14:43.602Z] >>> [apiv2][query] GET https://firebaseextensions.googleapis.com/v1beta/projects/asmi-tj/instances pageSize=100&pageToken=
[debug] [2025-04-24T10:14:44.437Z] <<< [apiv2][status] GET https://firebaseextensions.googleapis.com/v1beta/projects/asmi-tj/instances 200
[debug] [2025-04-24T10:14:44.437Z] <<< [apiv2][body] GET https://firebaseextensions.googleapis.com/v1beta/projects/asmi-tj/instances {}
[info] i  functions: preparing functions-asmi directory for uploading... 
[info] i  functions: packaged /Users/georgeaddai/Desktop/asmi/functions-asmi (66.24 KB) for uploading 
[debug] [2025-04-24T10:14:44.454Z] Checked if tokens are valid: true, expires at: 1745492342588
[debug] [2025-04-24T10:14:44.454Z] Checked if tokens are valid: true, expires at: 1745492342588
[debug] [2025-04-24T10:14:44.454Z] >>> [apiv2][query] GET https://cloudfunctions.googleapis.com/v1/projects/asmi-tj/locations/-/functions [none]
[debug] [2025-04-24T10:14:45.082Z] <<< [apiv2][status] GET https://cloudfunctions.googleapis.com/v1/projects/asmi-tj/locations/-/functions 200
[debug] [2025-04-24T10:14:45.083Z] <<< [apiv2][body] GET https://cloudfunctions.googleapis.com/v1/projects/asmi-tj/locations/-/functions {}
[debug] [2025-04-24T10:14:45.083Z] Checked if tokens are valid: true, expires at: 1745492342588
[debug] [2025-04-24T10:14:45.083Z] Checked if tokens are valid: true, expires at: 1745492342588
[debug] [2025-04-24T10:14:45.083Z] >>> [apiv2][query] GET https://cloudfunctions.googleapis.com/v2/projects/asmi-tj/locations/-/functions filter=environment%3D%22GEN_2%22
[debug] [2025-04-24T10:14:46.089Z] <<< [apiv2][status] GET https://cloudfunctions.googleapis.com/v2/projects/asmi-tj/locations/-/functions 200
[debug] [2025-04-24T10:14:46.089Z] <<< [apiv2][body] GET https://cloudfunctions.googleapis.com/v2/projects/asmi-tj/locations/-/functions {"functions":[{"name":"projects/asmi-tj/locations/us-central1/functions/nextApp","buildConfig":{"build":"projects/562980239653/locations/us-central1/builds/9d17592f-af09-4eb6-9262-98b2b035b2aa","runtime":"nodejs22","entryPoint":"nextApp","source":{"storageSource":{"bucket":"gcf-v2-sources-562980239653-us-central1","object":"nextApp/function-source.zip","generation":"1745488780030709"}},"environmentVariables":{"GOOGLE_NODE_RUN_SCRIPTS":""},"dockerRepository":"projects/asmi-tj/locations/us-central1/repositories/gcf-artifacts","sourceProvenance":{"resolvedStorageSource":{"bucket":"gcf-v2-sources-562980239653-us-central1","object":"nextApp/function-source.zip","generation":"1745488780030709"}},"dockerRegistry":"ARTIFACT_REGISTRY","serviceAccount":"projects/asmi-tj/serviceAccounts/562980239653-compute@developer.gserviceaccount.com","automaticUpdatePolicy":{}},"state":"FAILED","updateTime":"2025-04-24T10:01:00.909933995Z","labels":{"deployment-tool":"cli-firebase","firebase-functions-codebase":"functions-asmi","firebase-functions-hash":"61900d7e0fd55f12b99aa10ce4cf020aa055a3ef"},"stateMessages":[{"severity":"ERROR","type":"CloudRunServiceNotFound","message":"Cloud Run service projects/asmi-tj/locations/us-central1/services/nextapp for the function was not found. The function will not work correctly. Please redeploy."}],"environment":"GEN_2","url":"https://us-central1-asmi-tj.cloudfunctions.net/nextApp","createTime":"2025-04-24T09:59:40.245674543Z","satisfiesPzi":true}]}
[info] i  functions: ensuring required API run.googleapis.com is enabled... 
[debug] [2025-04-24T10:14:46.091Z] Checked if tokens are valid: true, expires at: 1745492342588
[debug] [2025-04-24T10:14:46.091Z] Checked if tokens are valid: true, expires at: 1745492342588
[info] i  functions: ensuring required API eventarc.googleapis.com is enabled... 
[debug] [2025-04-24T10:14:46.091Z] Checked if tokens are valid: true, expires at: 1745492342588
[debug] [2025-04-24T10:14:46.091Z] Checked if tokens are valid: true, expires at: 1745492342588
[info] i  functions: ensuring required API pubsub.googleapis.com is enabled... 
[debug] [2025-04-24T10:14:46.091Z] Checked if tokens are valid: true, expires at: 1745492342588
[debug] [2025-04-24T10:14:46.091Z] Checked if tokens are valid: true, expires at: 1745492342588
[info] i  functions: ensuring required API storage.googleapis.com is enabled... 
[debug] [2025-04-24T10:14:46.091Z] Checked if tokens are valid: true, expires at: 1745492342588
[debug] [2025-04-24T10:14:46.091Z] Checked if tokens are valid: true, expires at: 1745492342588
[debug] [2025-04-24T10:14:46.091Z] >>> [apiv2][query] GET https://serviceusage.googleapis.com/v1/projects/asmi-tj/services/run.googleapis.com [none]
[debug] [2025-04-24T10:14:46.091Z] >>> [apiv2][(partial)header] GET https://serviceusage.googleapis.com/v1/projects/asmi-tj/services/run.googleapis.com x-goog-quota-user=projects/asmi-tj
[debug] [2025-04-24T10:14:46.091Z] >>> [apiv2][query] GET https://serviceusage.googleapis.com/v1/projects/asmi-tj/services/eventarc.googleapis.com [none]
[debug] [2025-04-24T10:14:46.091Z] >>> [apiv2][(partial)header] GET https://serviceusage.googleapis.com/v1/projects/asmi-tj/services/eventarc.googleapis.com x-goog-quota-user=projects/asmi-tj
[debug] [2025-04-24T10:14:46.092Z] >>> [apiv2][query] GET https://serviceusage.googleapis.com/v1/projects/asmi-tj/services/pubsub.googleapis.com [none]
[debug] [2025-04-24T10:14:46.092Z] >>> [apiv2][(partial)header] GET https://serviceusage.googleapis.com/v1/projects/asmi-tj/services/pubsub.googleapis.com x-goog-quota-user=projects/asmi-tj
[debug] [2025-04-24T10:14:46.093Z] >>> [apiv2][query] GET https://serviceusage.googleapis.com/v1/projects/asmi-tj/services/storage.googleapis.com [none]
[debug] [2025-04-24T10:14:46.093Z] >>> [apiv2][(partial)header] GET https://serviceusage.googleapis.com/v1/projects/asmi-tj/services/storage.googleapis.com x-goog-quota-user=projects/asmi-tj
[debug] [2025-04-24T10:14:46.523Z] <<< [apiv2][status] GET https://serviceusage.googleapis.com/v1/projects/asmi-tj/services/run.googleapis.com 200
[debug] [2025-04-24T10:14:46.523Z] <<< [apiv2][body] GET https://serviceusage.googleapis.com/v1/projects/asmi-tj/services/run.googleapis.com [omitted]
[info] ✔  functions: required API run.googleapis.com is enabled 
[debug] [2025-04-24T10:14:46.941Z] <<< [apiv2][status] GET https://serviceusage.googleapis.com/v1/projects/asmi-tj/services/pubsub.googleapis.com 200
[debug] [2025-04-24T10:14:46.942Z] <<< [apiv2][body] GET https://serviceusage.googleapis.com/v1/projects/asmi-tj/services/pubsub.googleapis.com [omitted]
[info] ✔  functions: required API pubsub.googleapis.com is enabled 
[debug] [2025-04-24T10:14:46.949Z] <<< [apiv2][status] GET https://serviceusage.googleapis.com/v1/projects/asmi-tj/services/storage.googleapis.com 200
[debug] [2025-04-24T10:14:46.949Z] <<< [apiv2][body] GET https://serviceusage.googleapis.com/v1/projects/asmi-tj/services/storage.googleapis.com [omitted]
[info] ✔  functions: required API storage.googleapis.com is enabled 
[debug] [2025-04-24T10:14:47.180Z] <<< [apiv2][status] GET https://serviceusage.googleapis.com/v1/projects/asmi-tj/services/eventarc.googleapis.com 200
[debug] [2025-04-24T10:14:47.180Z] <<< [apiv2][body] GET https://serviceusage.googleapis.com/v1/projects/asmi-tj/services/eventarc.googleapis.com [omitted]
[info] ✔  functions: required API eventarc.googleapis.com is enabled 
[info] i  functions: generating the service identity for pubsub.googleapis.com... 
[debug] [2025-04-24T10:14:47.180Z] Checked if tokens are valid: true, expires at: 1745492342588
[debug] [2025-04-24T10:14:47.180Z] Checked if tokens are valid: true, expires at: 1745492342588
[info] i  functions: generating the service identity for eventarc.googleapis.com... 
[debug] [2025-04-24T10:14:47.180Z] Checked if tokens are valid: true, expires at: 1745492342588
[debug] [2025-04-24T10:14:47.180Z] Checked if tokens are valid: true, expires at: 1745492342588
[debug] [2025-04-24T10:14:47.181Z] >>> [apiv2][query] POST https://serviceusage.googleapis.com/v1beta1/projects/562980239653/services/pubsub.googleapis.com:generateServiceIdentity [none]
[debug] [2025-04-24T10:14:47.181Z] >>> [apiv2][query] POST https://serviceusage.googleapis.com/v1beta1/projects/562980239653/services/eventarc.googleapis.com:generateServiceIdentity [none]
[debug] [2025-04-24T10:14:47.503Z] <<< [apiv2][status] POST https://serviceusage.googleapis.com/v1beta1/projects/562980239653/services/eventarc.googleapis.com:generateServiceIdentity 200
[debug] [2025-04-24T10:14:47.503Z] <<< [apiv2][body] POST https://serviceusage.googleapis.com/v1beta1/projects/562980239653/services/eventarc.googleapis.com:generateServiceIdentity {"name":"operations/finished.DONE_OPERATION","done":true,"response":{"@type":"type.googleapis.com/google.api.serviceusage.v1beta1.ServiceIdentity","email":"service-562980239653@gcp-sa-eventarc.iam.gserviceaccount.com","uniqueId":"117669502133099549506"}}
[debug] [2025-04-24T10:14:48.059Z] <<< [apiv2][status] POST https://serviceusage.googleapis.com/v1beta1/projects/562980239653/services/pubsub.googleapis.com:generateServiceIdentity 200
[debug] [2025-04-24T10:14:48.059Z] <<< [apiv2][body] POST https://serviceusage.googleapis.com/v1beta1/projects/562980239653/services/pubsub.googleapis.com:generateServiceIdentity {"name":"operations/finished.DONE_OPERATION","done":true,"response":{"@type":"type.googleapis.com/google.api.serviceusage.v1beta1.ServiceIdentity","email":"service-562980239653@gcp-sa-pubsub.iam.gserviceaccount.com","uniqueId":"100942614590498290492"}}
[debug] [2025-04-24T10:14:48.060Z] Checked if tokens are valid: true, expires at: 1745492342588
[debug] [2025-04-24T10:14:48.060Z] Checked if tokens are valid: true, expires at: 1745492342588
[debug] [2025-04-24T10:14:48.060Z] >>> [apiv2][query] GET https://cloudresourcemanager.googleapis.com/v1/projects/asmi-tj [none]
[debug] [2025-04-24T10:14:48.229Z] <<< [apiv2][status] GET https://cloudresourcemanager.googleapis.com/v1/projects/asmi-tj 200
[debug] [2025-04-24T10:14:48.229Z] <<< [apiv2][body] GET https://cloudresourcemanager.googleapis.com/v1/projects/asmi-tj {"projectNumber":"562980239653","projectId":"asmi-tj","lifecycleState":"ACTIVE","name":"projectai","labels":{"firebase":"enabled","firebase-core":"disabled"},"createTime":"2025-04-23T16:28:44.312743Z"}
[debug] [2025-04-24T10:14:48.229Z] Checked if tokens are valid: true, expires at: 1745492342588
[debug] [2025-04-24T10:14:48.229Z] Checked if tokens are valid: true, expires at: 1745492342588
[debug] [2025-04-24T10:14:48.229Z] >>> [apiv2][query] GET https://cloudbilling.googleapis.com/v1/projects/asmi-tj/billingInfo [none]
[debug] [2025-04-24T10:14:48.547Z] <<< [apiv2][status] GET https://cloudbilling.googleapis.com/v1/projects/asmi-tj/billingInfo 200
[debug] [2025-04-24T10:14:48.547Z] <<< [apiv2][body] GET https://cloudbilling.googleapis.com/v1/projects/asmi-tj/billingInfo {"name":"projects/asmi-tj/billingInfo","projectId":"asmi-tj","billingAccountName":"billingAccounts/0148E1-576CA4-2B5B39","billingEnabled":true}
[debug] [2025-04-24T10:14:48.547Z] Checked if tokens are valid: true, expires at: 1745492342588
[debug] [2025-04-24T10:14:48.547Z] Checked if tokens are valid: true, expires at: 1745492342588
[debug] [2025-04-24T10:14:48.547Z] >>> [apiv2][query] POST https://cloudfunctions.googleapis.com/v2/projects/asmi-tj/locations/us-central1/functions:generateUploadUrl [none]
[debug] [2025-04-24T10:14:49.293Z] <<< [apiv2][status] POST https://cloudfunctions.googleapis.com/v2/projects/asmi-tj/locations/us-central1/functions:generateUploadUrl 200
[debug] [2025-04-24T10:14:49.294Z] <<< [apiv2][body] POST https://cloudfunctions.googleapis.com/v2/projects/asmi-tj/locations/us-central1/functions:generateUploadUrl {"uploadUrl":"https://storage.googleapis.com/gcf-v2-uploads-562980239653.us-central1.cloudfunctions.appspot.com/0a22abe0-ebef-48f3-8cfb-8bc809804a57.zip?GoogleAccessId=service-562980239653@gcf-admin-robot.iam.gserviceaccount.com&Expires=1745491489&Signature=G8VSNg7Xpis7IlY8e%2Bzqa8UCK69GNLz9R4CfRIelqdHyFBUqKa%2FZ%2BmXEdJYXOwRc7Js0qWi8H3MIW8lGBWVMkdxo03PRJi59pgKLyaOvQ%2BN%2F0hoylBg%2BLDEgyJ7%2Bml8xTW8nlsnh8JEk2LN7LiIYWkWpkewEKqtH0JlwrnZVYrmCxCqnH6Fw3iYdU8ukUM2jn64nOIuyZ6ZRuESdieE5dw8F3TqObiriZxSRM1TPvBS8WNd9Iy5x%2BoqgR27IobFxcO%2FhAAbec%2FWNzy%2FkodRc9FhPsni9PFCITYQGfskyWLR4oGOgREWY%2Fc8L%2BOW8zY2H1Bbsh5Eyo%2FhPXEGMn7mbEw%3D%3D","storageSource":{"bucket":"gcf-v2-uploads-562980239653.us-central1.cloudfunctions.appspot.com","object":"0a22abe0-ebef-48f3-8cfb-8bc809804a57.zip"}}
[debug] [2025-04-24T10:14:49.294Z] >>> [apiv2][query] PUT https://storage.googleapis.com/gcf-v2-uploads-562980239653.us-central1.cloudfunctions.appspot.com/0a22abe0-ebef-48f3-8cfb-8bc809804a57.zip GoogleAccessId=service-562980239653%40gcf-admin-robot.iam.gserviceaccount.com&Expires=1745491489&Signature=G8VSNg7Xpis7IlY8e%2Bzqa8UCK69GNLz9R4CfRIelqdHyFBUqKa%2FZ%2BmXEdJYXOwRc7Js0qWi8H3MIW8lGBWVMkdxo03PRJi59pgKLyaOvQ%2BN%2F0hoylBg%2BLDEgyJ7%2Bml8xTW8nlsnh8JEk2LN7LiIYWkWpkewEKqtH0JlwrnZVYrmCxCqnH6Fw3iYdU8ukUM2jn64nOIuyZ6ZRuESdieE5dw8F3TqObiriZxSRM1TPvBS8WNd9Iy5x%2BoqgR27IobFxcO%2FhAAbec%2FWNzy%2FkodRc9FhPsni9PFCITYQGfskyWLR4oGOgREWY%2Fc8L%2BOW8zY2H1Bbsh5Eyo%2FhPXEGMn7mbEw%3D%3D
[debug] [2025-04-24T10:14:49.294Z] >>> [apiv2][body] PUT https://storage.googleapis.com/gcf-v2-uploads-562980239653.us-central1.cloudfunctions.appspot.com/0a22abe0-ebef-48f3-8cfb-8bc809804a57.zip [stream]
[debug] [2025-04-24T10:14:49.802Z] <<< [apiv2][status] PUT https://storage.googleapis.com/gcf-v2-uploads-562980239653.us-central1.cloudfunctions.appspot.com/0a22abe0-ebef-48f3-8cfb-8bc809804a57.zip 200
[debug] [2025-04-24T10:14:49.802Z] <<< [apiv2][body] PUT https://storage.googleapis.com/gcf-v2-uploads-562980239653.us-central1.cloudfunctions.appspot.com/0a22abe0-ebef-48f3-8cfb-8bc809804a57.zip [omitted]
[info] ✔  functions: functions-asmi folder uploaded successfully 
[info] i  functions: updating Node.js 22 (2nd Gen) function functions-asmi:nextApp(us-central1)... 
[debug] [2025-04-24T10:14:49.804Z] Checked if tokens are valid: true, expires at: 1745492342588
[debug] [2025-04-24T10:14:49.804Z] Checked if tokens are valid: true, expires at: 1745492342588
[debug] [2025-04-24T10:14:49.804Z] >>> [apiv2][query] PATCH https://cloudfunctions.googleapis.com/v2/projects/asmi-tj/locations/us-central1/functions/nextApp updateMask=name%2CbuildConfig.runtime%2CbuildConfig.entryPoint%2CbuildConfig.source.storageSource.bucket%2CbuildConfig.source.storageSource.object%2CbuildConfig.environmentVariables%2CbuildConfig.sourceToken%2CserviceConfig.environmentVariables%2CserviceConfig.ingressSettings%2CserviceConfig.timeoutSeconds%2CserviceConfig.serviceAccountEmail%2CserviceConfig.availableMemory%2CserviceConfig.minInstanceCount%2CserviceConfig.maxInstanceCount%2CserviceConfig.maxInstanceRequestConcurrency%2CserviceConfig.availableCpu%2CserviceConfig.vpcConnector%2CserviceConfig.vpcConnectorEgressSettings%2Clabels%2CbuildConfig.buildEnvironmentVariables
[debug] [2025-04-24T10:14:49.804Z] >>> [apiv2][body] PATCH https://cloudfunctions.googleapis.com/v2/projects/asmi-tj/locations/us-central1/functions/nextApp {"name":"projects/asmi-tj/locations/us-central1/functions/nextApp","buildConfig":{"runtime":"nodejs22","entryPoint":"nextApp","source":{"storageSource":{"bucket":"gcf-v2-uploads-562980239653.us-central1.cloudfunctions.appspot.com","object":"0a22abe0-ebef-48f3-8cfb-8bc809804a57.zip"}},"environmentVariables":{"GOOGLE_NODE_RUN_SCRIPTS":""}},"serviceConfig":{"environmentVariables":{"FIREBASE_CONFIG":"{\"projectId\":\"asmi-tj\",\"storageBucket\":\"asmi-tj.firebasestorage.app\"}","GCLOUD_PROJECT":"asmi-tj","EVENTARC_CLOUD_EVENT_SOURCE":"projects/asmi-tj/locations/us-central1/services/nextApp","FUNCTION_TARGET":"nextApp","LOG_EXECUTION_ID":"true"},"ingressSettings":null,"timeoutSeconds":300,"serviceAccountEmail":null,"availableMemory":"256Mi","minInstanceCount":null,"maxInstanceCount":null,"maxInstanceRequestConcurrency":80,"availableCpu":"1","vpcConnector":null,"vpcConnectorEgressSettings":null},"labels":{"deployment-tool":"cli-firebase","firebase-functions-codebase":"functions-asmi","firebase-functions-hash":"d1a6cba684c24b86363063282e68ba172a480b02"}}
[debug] [2025-04-24T10:14:51.438Z] <<< [apiv2][status] PATCH https://cloudfunctions.googleapis.com/v2/projects/asmi-tj/locations/us-central1/functions/nextApp 200
[debug] [2025-04-24T10:14:51.439Z] <<< [apiv2][body] PATCH https://cloudfunctions.googleapis.com/v2/projects/asmi-tj/locations/us-central1/functions/nextApp {"name":"projects/asmi-tj/locations/us-central1/operations/operation-1745489690461-633837cf5867e-09b411c1-6b9729c1","metadata":{"@type":"type.googleapis.com/google.cloud.functions.v2.OperationMetadata","createTime":"2025-04-24T10:14:51.293746605Z","target":"projects/asmi-tj/locations/us-central1/functions/nextApp","verb":"update","cancelRequested":false,"apiVersion":"v2"},"done":false}
[debug] [2025-04-24T10:14:51.439Z] Checked if tokens are valid: true, expires at: 1745492342588
[debug] [2025-04-24T10:14:51.439Z] Checked if tokens are valid: true, expires at: 1745492342588
[debug] [2025-04-24T10:14:51.439Z] >>> [apiv2][query] GET https://cloudfunctions.googleapis.com/v2/projects/asmi-tj/locations/us-central1/operations/operation-1745489690461-633837cf5867e-09b411c1-6b9729c1 [none]
[debug] [2025-04-24T10:14:52.108Z] <<< [apiv2][status] GET https://cloudfunctions.googleapis.com/v2/projects/asmi-tj/locations/us-central1/operations/operation-1745489690461-633837cf5867e-09b411c1-6b9729c1 200
[debug] [2025-04-24T10:14:52.108Z] <<< [apiv2][body] GET https://cloudfunctions.googleapis.com/v2/projects/asmi-tj/locations/us-central1/operations/operation-1745489690461-633837cf5867e-09b411c1-6b9729c1 {"name":"projects/asmi-tj/locations/us-central1/operations/operation-1745489690461-633837cf5867e-09b411c1-6b9729c1","metadata":{"@type":"type.googleapis.com/google.cloud.functions.v2.OperationMetadata","createTime":"2025-04-24T10:14:51.293746605Z","target":"projects/asmi-tj/locations/us-central1/functions/nextApp","verb":"update","cancelRequested":false,"apiVersion":"v2","requestResource":{"@type":"type.googleapis.com/google.cloud.functions.v2.Function","name":"projects/asmi-tj/locations/us-central1/functions/nextApp","buildConfig":{"runtime":"nodejs22","entryPoint":"nextApp","source":{"storageSource":{"bucket":"gcf-v2-sources-562980239653-us-central1","object":"nextApp/function-source.zip","generation":"1745489691248536"}},"environmentVariables":{"GOOGLE_NODE_RUN_SCRIPTS":""},"dockerRepository":"projects/asmi-tj/locations/us-central1/repositories/gcf-artifacts","sourceProvenance":{"resolvedStorageSource":{"bucket":"gcf-v2-sources-562980239653-us-central1","object":"nextApp/function-source.zip","generation":"1745488780030709"}},"dockerRegistry":"ARTIFACT_REGISTRY","serviceAccount":"projects/asmi-tj/serviceAccounts/562980239653-compute@developer.gserviceaccount.com","automaticUpdatePolicy":{}},"serviceConfig":{"service":"projects/asmi-tj/locations/us-central1/services/nextapp","timeoutSeconds":300,"environmentVariables":{"FIREBASE_CONFIG":"{\"projectId\":\"asmi-tj\",\"storageBucket\":\"asmi-tj.firebasestorage.app\"}","GCLOUD_PROJECT":"asmi-tj","EVENTARC_CLOUD_EVENT_SOURCE":"projects/asmi-tj/locations/us-central1/services/nextApp","FUNCTION_TARGET":"nextApp","LOG_EXECUTION_ID":"true"},"ingressSettings":"ALLOW_ALL","serviceAccountEmail":"562980239653-compute@developer.gserviceaccount.com","availableMemory":"256Mi","maxInstanceRequestConcurrency":80,"availableCpu":"1"},"state":"FAILED","labels":{"firebase-functions-codebase":"functions-asmi","firebase-functions-hash":"d1a6cba684c24b86363063282e68ba172a480b02"},"stateMessages":[{"severity":"ERROR","type":"CloudRunServiceNotFound","message":"Cloud Run service projects/asmi-tj/locations/us-central1/services/nextapp for the function was not found. The function will not work correctly. Please redeploy."}],"environment":"GEN_2","url":"https://us-central1-asmi-tj.cloudfunctions.net/nextApp","satisfiesPzi":true},"stages":[{"name":"BUILD","message":"Creating build","state":"IN_PROGRESS","resource":"projects/562980239653/locations/us-central1/builds/55ebebd6-66c7-4ec5-91ed-83a6da31ce79","resourceUri":"https://console.cloud.google.com/cloud-build/builds;region=us-central1/55ebebd6-66c7-4ec5-91ed-83a6da31ce79?project=562980239653"},{"name":"SERVICE","state":"NOT_STARTED"}],"operationType":"UPDATE_FUNCTION","buildName":"projects/562980239653/locations/us-central1/builds/55ebebd6-66c7-4ec5-91ed-83a6da31ce79"},"done":false}
[debug] [2025-04-24T10:14:52.610Z] [update-functions-asmi-us-central1-nextApp] Retrying task index 0
[debug] [2025-04-24T10:14:52.610Z] Checked if tokens are valid: true, expires at: 1745492342588
[debug] [2025-04-24T10:14:52.610Z] Checked if tokens are valid: true, expires at: 1745492342588
[debug] [2025-04-24T10:14:52.610Z] >>> [apiv2][query] GET https://cloudfunctions.googleapis.com/v2/projects/asmi-tj/locations/us-central1/operations/operation-1745489690461-633837cf5867e-09b411c1-6b9729c1 [none]
[debug] [2025-04-24T10:14:53.285Z] <<< [apiv2][status] GET https://cloudfunctions.googleapis.com/v2/projects/asmi-tj/locations/us-central1/operations/operation-1745489690461-633837cf5867e-09b411c1-6b9729c1 200
[debug] [2025-04-24T10:14:53.285Z] <<< [apiv2][body] GET https://cloudfunctions.googleapis.com/v2/projects/asmi-tj/locations/us-central1/operations/operation-1745489690461-633837cf5867e-09b411c1-6b9729c1 {"name":"projects/asmi-tj/locations/us-central1/operations/operation-1745489690461-633837cf5867e-09b411c1-6b9729c1","metadata":{"@type":"type.googleapis.com/google.cloud.functions.v2.OperationMetadata","createTime":"2025-04-24T10:14:51.293746605Z","target":"projects/asmi-tj/locations/us-central1/functions/nextApp","verb":"update","cancelRequested":false,"apiVersion":"v2","requestResource":{"@type":"type.googleapis.com/google.cloud.functions.v2.Function","name":"projects/asmi-tj/locations/us-central1/functions/nextApp","buildConfig":{"runtime":"nodejs22","entryPoint":"nextApp","source":{"storageSource":{"bucket":"gcf-v2-sources-562980239653-us-central1","object":"nextApp/function-source.zip","generation":"1745489691248536"}},"environmentVariables":{"GOOGLE_NODE_RUN_SCRIPTS":""},"dockerRepository":"projects/asmi-tj/locations/us-central1/repositories/gcf-artifacts","sourceProvenance":{"resolvedStorageSource":{"bucket":"gcf-v2-sources-562980239653-us-central1","object":"nextApp/function-source.zip","generation":"1745488780030709"}},"dockerRegistry":"ARTIFACT_REGISTRY","serviceAccount":"projects/asmi-tj/serviceAccounts/562980239653-compute@developer.gserviceaccount.com","automaticUpdatePolicy":{}},"serviceConfig":{"service":"projects/asmi-tj/locations/us-central1/services/nextapp","timeoutSeconds":300,"environmentVariables":{"FIREBASE_CONFIG":"{\"projectId\":\"asmi-tj\",\"storageBucket\":\"asmi-tj.firebasestorage.app\"}","GCLOUD_PROJECT":"asmi-tj","EVENTARC_CLOUD_EVENT_SOURCE":"projects/asmi-tj/locations/us-central1/services/nextApp","FUNCTION_TARGET":"nextApp","LOG_EXECUTION_ID":"true"},"ingressSettings":"ALLOW_ALL","serviceAccountEmail":"562980239653-compute@developer.gserviceaccount.com","availableMemory":"256Mi","maxInstanceRequestConcurrency":80,"availableCpu":"1"},"state":"FAILED","labels":{"firebase-functions-codebase":"functions-asmi","firebase-functions-hash":"d1a6cba684c24b86363063282e68ba172a480b02"},"stateMessages":[{"severity":"ERROR","type":"CloudRunServiceNotFound","message":"Cloud Run service projects/asmi-tj/locations/us-central1/services/nextapp for the function was not found. The function will not work correctly. Please redeploy."}],"environment":"GEN_2","url":"https://us-central1-asmi-tj.cloudfunctions.net/nextApp","satisfiesPzi":true},"stages":[{"name":"BUILD","message":"Build in progress","state":"IN_PROGRESS","resource":"projects/562980239653/locations/us-central1/builds/55ebebd6-66c7-4ec5-91ed-83a6da31ce79","resourceUri":"https://console.cloud.google.com/cloud-build/builds;region=us-central1/55ebebd6-66c7-4ec5-91ed-83a6da31ce79?project=562980239653"},{"name":"SERVICE","state":"NOT_STARTED"}],"operationType":"UPDATE_FUNCTION","buildName":"projects/562980239653/locations/us-central1/builds/55ebebd6-66c7-4ec5-91ed-83a6da31ce79"},"done":false}
[debug] [2025-04-24T10:14:54.285Z] [update-functions-asmi-us-central1-nextApp] Retrying task index 0
[debug] [2025-04-24T10:14:54.285Z] Checked if tokens are valid: true, expires at: 1745492342588
[debug] [2025-04-24T10:14:54.285Z] Checked if tokens are valid: true, expires at: 1745492342588
[debug] [2025-04-24T10:14:54.285Z] >>> [apiv2][query] GET https://cloudfunctions.googleapis.com/v2/projects/asmi-tj/locations/us-central1/operations/operation-1745489690461-633837cf5867e-09b411c1-6b9729c1 [none]
[debug] [2025-04-24T10:14:54.440Z] <<< [apiv2][status] GET https://cloudfunctions.googleapis.com/v2/projects/asmi-tj/locations/us-central1/operations/operation-1745489690461-633837cf5867e-09b411c1-6b9729c1 200
[debug] [2025-04-24T10:14:54.441Z] <<< [apiv2][body] GET https://cloudfunctions.googleapis.com/v2/projects/asmi-tj/locations/us-central1/operations/operation-1745489690461-633837cf5867e-09b411c1-6b9729c1 {"name":"projects/asmi-tj/locations/us-central1/operations/operation-1745489690461-633837cf5867e-09b411c1-6b9729c1","metadata":{"@type":"type.googleapis.com/google.cloud.functions.v2.OperationMetadata","createTime":"2025-04-24T10:14:51.293746605Z","target":"projects/asmi-tj/locations/us-central1/functions/nextApp","verb":"update","cancelRequested":false,"apiVersion":"v2","requestResource":{"@type":"type.googleapis.com/google.cloud.functions.v2.Function","name":"projects/asmi-tj/locations/us-central1/functions/nextApp","buildConfig":{"runtime":"nodejs22","entryPoint":"nextApp","source":{"storageSource":{"bucket":"gcf-v2-sources-562980239653-us-central1","object":"nextApp/function-source.zip","generation":"1745489691248536"}},"environmentVariables":{"GOOGLE_NODE_RUN_SCRIPTS":""},"dockerRepository":"projects/asmi-tj/locations/us-central1/repositories/gcf-artifacts","sourceProvenance":{"resolvedStorageSource":{"bucket":"gcf-v2-sources-562980239653-us-central1","object":"nextApp/function-source.zip","generation":"1745488780030709"}},"dockerRegistry":"ARTIFACT_REGISTRY","serviceAccount":"projects/asmi-tj/serviceAccounts/562980239653-compute@developer.gserviceaccount.com","automaticUpdatePolicy":{}},"serviceConfig":{"service":"projects/asmi-tj/locations/us-central1/services/nextapp","timeoutSeconds":300,"environmentVariables":{"FIREBASE_CONFIG":"{\"projectId\":\"asmi-tj\",\"storageBucket\":\"asmi-tj.firebasestorage.app\"}","GCLOUD_PROJECT":"asmi-tj","EVENTARC_CLOUD_EVENT_SOURCE":"projects/asmi-tj/locations/us-central1/services/nextApp","FUNCTION_TARGET":"nextApp","LOG_EXECUTION_ID":"true"},"ingressSettings":"ALLOW_ALL","serviceAccountEmail":"562980239653-compute@developer.gserviceaccount.com","availableMemory":"256Mi","maxInstanceRequestConcurrency":80,"availableCpu":"1"},"state":"FAILED","labels":{"firebase-functions-codebase":"functions-asmi","firebase-functions-hash":"d1a6cba684c24b86363063282e68ba172a480b02"},"stateMessages":[{"severity":"ERROR","type":"CloudRunServiceNotFound","message":"Cloud Run service projects/asmi-tj/locations/us-central1/services/nextapp for the function was not found. The function will not work correctly. Please redeploy."}],"environment":"GEN_2","url":"https://us-central1-asmi-tj.cloudfunctions.net/nextApp","satisfiesPzi":true},"stages":[{"name":"BUILD","message":"Build in progress","state":"IN_PROGRESS","resource":"projects/562980239653/locations/us-central1/builds/55ebebd6-66c7-4ec5-91ed-83a6da31ce79","resourceUri":"https://console.cloud.google.com/cloud-build/builds;region=us-central1/55ebebd6-66c7-4ec5-91ed-83a6da31ce79?project=562980239653"},{"name":"SERVICE","state":"NOT_STARTED"}],"operationType":"UPDATE_FUNCTION","buildName":"projects/562980239653/locations/us-central1/builds/55ebebd6-66c7-4ec5-91ed-83a6da31ce79"},"done":false}
[debug] [2025-04-24T10:14:56.441Z] [update-functions-asmi-us-central1-nextApp] Retrying task index 0
[debug] [2025-04-24T10:14:56.441Z] Checked if tokens are valid: true, expires at: 1745492342588
[debug] [2025-04-24T10:14:56.441Z] Checked if tokens are valid: true, expires at: 1745492342588
[debug] [2025-04-24T10:14:56.441Z] >>> [apiv2][query] GET https://cloudfunctions.googleapis.com/v2/projects/asmi-tj/locations/us-central1/operations/operation-1745489690461-633837cf5867e-09b411c1-6b9729c1 [none]
[debug] [2025-04-24T10:14:57.173Z] <<< [apiv2][status] GET https://cloudfunctions.googleapis.com/v2/projects/asmi-tj/locations/us-central1/operations/operation-1745489690461-633837cf5867e-09b411c1-6b9729c1 200
[debug] [2025-04-24T10:14:57.173Z] <<< [apiv2][body] GET https://cloudfunctions.googleapis.com/v2/projects/asmi-tj/locations/us-central1/operations/operation-1745489690461-633837cf5867e-09b411c1-6b9729c1 {"name":"projects/asmi-tj/locations/us-central1/operations/operation-1745489690461-633837cf5867e-09b411c1-6b9729c1","metadata":{"@type":"type.googleapis.com/google.cloud.functions.v2.OperationMetadata","createTime":"2025-04-24T10:14:51.293746605Z","target":"projects/asmi-tj/locations/us-central1/functions/nextApp","verb":"update","cancelRequested":false,"apiVersion":"v2","requestResource":{"@type":"type.googleapis.com/google.cloud.functions.v2.Function","name":"projects/asmi-tj/locations/us-central1/functions/nextApp","buildConfig":{"runtime":"nodejs22","entryPoint":"nextApp","source":{"storageSource":{"bucket":"gcf-v2-sources-562980239653-us-central1","object":"nextApp/function-source.zip","generation":"1745489691248536"}},"environmentVariables":{"GOOGLE_NODE_RUN_SCRIPTS":""},"dockerRepository":"projects/asmi-tj/locations/us-central1/repositories/gcf-artifacts","sourceProvenance":{"resolvedStorageSource":{"bucket":"gcf-v2-sources-562980239653-us-central1","object":"nextApp/function-source.zip","generation":"1745488780030709"}},"dockerRegistry":"ARTIFACT_REGISTRY","serviceAccount":"projects/asmi-tj/serviceAccounts/562980239653-compute@developer.gserviceaccount.com","automaticUpdatePolicy":{}},"serviceConfig":{"service":"projects/asmi-tj/locations/us-central1/services/nextapp","timeoutSeconds":300,"environmentVariables":{"FIREBASE_CONFIG":"{\"projectId\":\"asmi-tj\",\"storageBucket\":\"asmi-tj.firebasestorage.app\"}","GCLOUD_PROJECT":"asmi-tj","EVENTARC_CLOUD_EVENT_SOURCE":"projects/asmi-tj/locations/us-central1/services/nextApp","FUNCTION_TARGET":"nextApp","LOG_EXECUTION_ID":"true"},"ingressSettings":"ALLOW_ALL","serviceAccountEmail":"562980239653-compute@developer.gserviceaccount.com","availableMemory":"256Mi","maxInstanceRequestConcurrency":80,"availableCpu":"1"},"state":"FAILED","labels":{"firebase-functions-codebase":"functions-asmi","firebase-functions-hash":"d1a6cba684c24b86363063282e68ba172a480b02"},"stateMessages":[{"severity":"ERROR","type":"CloudRunServiceNotFound","message":"Cloud Run service projects/asmi-tj/locations/us-central1/services/nextapp for the function was not found. The function will not work correctly. Please redeploy."}],"environment":"GEN_2","url":"https://us-central1-asmi-tj.cloudfunctions.net/nextApp","satisfiesPzi":true},"stages":[{"name":"BUILD","message":"Build in progress","state":"IN_PROGRESS","resource":"projects/562980239653/locations/us-central1/builds/55ebebd6-66c7-4ec5-91ed-83a6da31ce79","resourceUri":"https://console.cloud.google.com/cloud-build/builds;region=us-central1/55ebebd6-66c7-4ec5-91ed-83a6da31ce79?project=562980239653"},{"name":"SERVICE","state":"NOT_STARTED"}],"operationType":"UPDATE_FUNCTION","buildName":"projects/562980239653/locations/us-central1/builds/55ebebd6-66c7-4ec5-91ed-83a6da31ce79"},"done":false}
[debug] [2025-04-24T10:15:01.175Z] [update-functions-asmi-us-central1-nextApp] Retrying task index 0
[debug] [2025-04-24T10:15:01.175Z] Checked if tokens are valid: true, expires at: 1745492342588
[debug] [2025-04-24T10:15:01.175Z] Checked if tokens are valid: true, expires at: 1745492342588
[debug] [2025-04-24T10:15:01.175Z] >>> [apiv2][query] GET https://cloudfunctions.googleapis.com/v2/projects/asmi-tj/locations/us-central1/operations/operation-1745489690461-633837cf5867e-09b411c1-6b9729c1 [none]
[debug] [2025-04-24T10:15:01.342Z] <<< [apiv2][status] GET https://cloudfunctions.googleapis.com/v2/projects/asmi-tj/locations/us-central1/operations/operation-1745489690461-633837cf5867e-09b411c1-6b9729c1 200
[debug] [2025-04-24T10:15:01.342Z] <<< [apiv2][body] GET https://cloudfunctions.googleapis.com/v2/projects/asmi-tj/locations/us-central1/operations/operation-1745489690461-633837cf5867e-09b411c1-6b9729c1 {"name":"projects/asmi-tj/locations/us-central1/operations/operation-1745489690461-633837cf5867e-09b411c1-6b9729c1","metadata":{"@type":"type.googleapis.com/google.cloud.functions.v2.OperationMetadata","createTime":"2025-04-24T10:14:51.293746605Z","target":"projects/asmi-tj/locations/us-central1/functions/nextApp","verb":"update","cancelRequested":false,"apiVersion":"v2","requestResource":{"@type":"type.googleapis.com/google.cloud.functions.v2.Function","name":"projects/asmi-tj/locations/us-central1/functions/nextApp","buildConfig":{"runtime":"nodejs22","entryPoint":"nextApp","source":{"storageSource":{"bucket":"gcf-v2-sources-562980239653-us-central1","object":"nextApp/function-source.zip","generation":"1745489691248536"}},"environmentVariables":{"GOOGLE_NODE_RUN_SCRIPTS":""},"dockerRepository":"projects/asmi-tj/locations/us-central1/repositories/gcf-artifacts","sourceProvenance":{"resolvedStorageSource":{"bucket":"gcf-v2-sources-562980239653-us-central1","object":"nextApp/function-source.zip","generation":"1745488780030709"}},"dockerRegistry":"ARTIFACT_REGISTRY","serviceAccount":"projects/asmi-tj/serviceAccounts/562980239653-compute@developer.gserviceaccount.com","automaticUpdatePolicy":{}},"serviceConfig":{"service":"projects/asmi-tj/locations/us-central1/services/nextapp","timeoutSeconds":300,"environmentVariables":{"FIREBASE_CONFIG":"{\"projectId\":\"asmi-tj\",\"storageBucket\":\"asmi-tj.firebasestorage.app\"}","GCLOUD_PROJECT":"asmi-tj","EVENTARC_CLOUD_EVENT_SOURCE":"projects/asmi-tj/locations/us-central1/services/nextApp","FUNCTION_TARGET":"nextApp","LOG_EXECUTION_ID":"true"},"ingressSettings":"ALLOW_ALL","serviceAccountEmail":"562980239653-compute@developer.gserviceaccount.com","availableMemory":"256Mi","maxInstanceRequestConcurrency":80,"availableCpu":"1"},"state":"FAILED","labels":{"firebase-functions-codebase":"functions-asmi","firebase-functions-hash":"d1a6cba684c24b86363063282e68ba172a480b02"},"stateMessages":[{"severity":"ERROR","type":"CloudRunServiceNotFound","message":"Cloud Run service projects/asmi-tj/locations/us-central1/services/nextapp for the function was not found. The function will not work correctly. Please redeploy."}],"environment":"GEN_2","url":"https://us-central1-asmi-tj.cloudfunctions.net/nextApp","satisfiesPzi":true},"stages":[{"name":"BUILD","message":"Build in progress","state":"IN_PROGRESS","resource":"projects/562980239653/locations/us-central1/builds/55ebebd6-66c7-4ec5-91ed-83a6da31ce79","resourceUri":"https://console.cloud.google.com/cloud-build/builds;region=us-central1/55ebebd6-66c7-4ec5-91ed-83a6da31ce79?project=562980239653"},{"name":"SERVICE","state":"NOT_STARTED"}],"operationType":"UPDATE_FUNCTION","buildName":"projects/562980239653/locations/us-central1/builds/55ebebd6-66c7-4ec5-91ed-83a6da31ce79"},"done":false}
[debug] [2025-04-24T10:15:09.343Z] [update-functions-asmi-us-central1-nextApp] Retrying task index 0
[debug] [2025-04-24T10:15:09.344Z] Checked if tokens are valid: true, expires at: 1745492342588
[debug] [2025-04-24T10:15:09.344Z] Checked if tokens are valid: true, expires at: 1745492342588
[debug] [2025-04-24T10:15:09.344Z] >>> [apiv2][query] GET https://cloudfunctions.googleapis.com/v2/projects/asmi-tj/locations/us-central1/operations/operation-1745489690461-633837cf5867e-09b411c1-6b9729c1 [none]
[debug] [2025-04-24T10:15:10.076Z] <<< [apiv2][status] GET https://cloudfunctions.googleapis.com/v2/projects/asmi-tj/locations/us-central1/operations/operation-1745489690461-633837cf5867e-09b411c1-6b9729c1 200
[debug] [2025-04-24T10:15:10.076Z] <<< [apiv2][body] GET https://cloudfunctions.googleapis.com/v2/projects/asmi-tj/locations/us-central1/operations/operation-1745489690461-633837cf5867e-09b411c1-6b9729c1 {"name":"projects/asmi-tj/locations/us-central1/operations/operation-1745489690461-633837cf5867e-09b411c1-6b9729c1","metadata":{"@type":"type.googleapis.com/google.cloud.functions.v2.OperationMetadata","createTime":"2025-04-24T10:14:51.293746605Z","target":"projects/asmi-tj/locations/us-central1/functions/nextApp","verb":"update","cancelRequested":false,"apiVersion":"v2","requestResource":{"@type":"type.googleapis.com/google.cloud.functions.v2.Function","name":"projects/asmi-tj/locations/us-central1/functions/nextApp","buildConfig":{"runtime":"nodejs22","entryPoint":"nextApp","source":{"storageSource":{"bucket":"gcf-v2-sources-562980239653-us-central1","object":"nextApp/function-source.zip","generation":"1745489691248536"}},"environmentVariables":{"GOOGLE_NODE_RUN_SCRIPTS":""},"dockerRepository":"projects/asmi-tj/locations/us-central1/repositories/gcf-artifacts","sourceProvenance":{"resolvedStorageSource":{"bucket":"gcf-v2-sources-562980239653-us-central1","object":"nextApp/function-source.zip","generation":"1745488780030709"}},"dockerRegistry":"ARTIFACT_REGISTRY","serviceAccount":"projects/asmi-tj/serviceAccounts/562980239653-compute@developer.gserviceaccount.com","automaticUpdatePolicy":{}},"serviceConfig":{"service":"projects/asmi-tj/locations/us-central1/services/nextapp","timeoutSeconds":300,"environmentVariables":{"FIREBASE_CONFIG":"{\"projectId\":\"asmi-tj\",\"storageBucket\":\"asmi-tj.firebasestorage.app\"}","GCLOUD_PROJECT":"asmi-tj","EVENTARC_CLOUD_EVENT_SOURCE":"projects/asmi-tj/locations/us-central1/services/nextApp","FUNCTION_TARGET":"nextApp","LOG_EXECUTION_ID":"true"},"ingressSettings":"ALLOW_ALL","serviceAccountEmail":"562980239653-compute@developer.gserviceaccount.com","availableMemory":"256Mi","maxInstanceRequestConcurrency":80,"availableCpu":"1"},"state":"FAILED","labels":{"firebase-functions-codebase":"functions-asmi","firebase-functions-hash":"d1a6cba684c24b86363063282e68ba172a480b02"},"stateMessages":[{"severity":"ERROR","type":"CloudRunServiceNotFound","message":"Cloud Run service projects/asmi-tj/locations/us-central1/services/nextapp for the function was not found. The function will not work correctly. Please redeploy."}],"environment":"GEN_2","url":"https://us-central1-asmi-tj.cloudfunctions.net/nextApp","satisfiesPzi":true},"stages":[{"name":"BUILD","message":"Build in progress","state":"IN_PROGRESS","resource":"projects/562980239653/locations/us-central1/builds/55ebebd6-66c7-4ec5-91ed-83a6da31ce79","resourceUri":"https://console.cloud.google.com/cloud-build/builds;region=us-central1/55ebebd6-66c7-4ec5-91ed-83a6da31ce79?project=562980239653"},{"name":"SERVICE","state":"NOT_STARTED"}],"operationType":"UPDATE_FUNCTION","buildName":"projects/562980239653/locations/us-central1/builds/55ebebd6-66c7-4ec5-91ed-83a6da31ce79"},"done":false}
[debug] [2025-04-24T10:15:20.077Z] [update-functions-asmi-us-central1-nextApp] Retrying task index 0
[debug] [2025-04-24T10:15:20.077Z] Checked if tokens are valid: true, expires at: 1745492342588
[debug] [2025-04-24T10:15:20.077Z] Checked if tokens are valid: true, expires at: 1745492342588
[debug] [2025-04-24T10:15:20.077Z] >>> [apiv2][query] GET https://cloudfunctions.googleapis.com/v2/projects/asmi-tj/locations/us-central1/operations/operation-1745489690461-633837cf5867e-09b411c1-6b9729c1 [none]
[debug] [2025-04-24T10:15:20.874Z] <<< [apiv2][status] GET https://cloudfunctions.googleapis.com/v2/projects/asmi-tj/locations/us-central1/operations/operation-1745489690461-633837cf5867e-09b411c1-6b9729c1 200
[debug] [2025-04-24T10:15:20.875Z] <<< [apiv2][body] GET https://cloudfunctions.googleapis.com/v2/projects/asmi-tj/locations/us-central1/operations/operation-1745489690461-633837cf5867e-09b411c1-6b9729c1 {"name":"projects/asmi-tj/locations/us-central1/operations/operation-1745489690461-633837cf5867e-09b411c1-6b9729c1","metadata":{"@type":"type.googleapis.com/google.cloud.functions.v2.OperationMetadata","createTime":"2025-04-24T10:14:51.293746605Z","target":"projects/asmi-tj/locations/us-central1/functions/nextApp","verb":"update","cancelRequested":false,"apiVersion":"v2","requestResource":{"@type":"type.googleapis.com/google.cloud.functions.v2.Function","name":"projects/asmi-tj/locations/us-central1/functions/nextApp","buildConfig":{"runtime":"nodejs22","entryPoint":"nextApp","source":{"storageSource":{"bucket":"gcf-v2-sources-562980239653-us-central1","object":"nextApp/function-source.zip","generation":"1745489691248536"}},"environmentVariables":{"GOOGLE_NODE_RUN_SCRIPTS":""},"dockerRepository":"projects/asmi-tj/locations/us-central1/repositories/gcf-artifacts","sourceProvenance":{"resolvedStorageSource":{"bucket":"gcf-v2-sources-562980239653-us-central1","object":"nextApp/function-source.zip","generation":"1745488780030709"}},"dockerRegistry":"ARTIFACT_REGISTRY","serviceAccount":"projects/asmi-tj/serviceAccounts/562980239653-compute@developer.gserviceaccount.com","automaticUpdatePolicy":{}},"serviceConfig":{"service":"projects/asmi-tj/locations/us-central1/services/nextapp","timeoutSeconds":300,"environmentVariables":{"FIREBASE_CONFIG":"{\"projectId\":\"asmi-tj\",\"storageBucket\":\"asmi-tj.firebasestorage.app\"}","GCLOUD_PROJECT":"asmi-tj","EVENTARC_CLOUD_EVENT_SOURCE":"projects/asmi-tj/locations/us-central1/services/nextApp","FUNCTION_TARGET":"nextApp","LOG_EXECUTION_ID":"true"},"ingressSettings":"ALLOW_ALL","serviceAccountEmail":"562980239653-compute@developer.gserviceaccount.com","availableMemory":"256Mi","maxInstanceRequestConcurrency":80,"availableCpu":"1"},"state":"FAILED","labels":{"firebase-functions-codebase":"functions-asmi","firebase-functions-hash":"d1a6cba684c24b86363063282e68ba172a480b02"},"stateMessages":[{"severity":"ERROR","type":"CloudRunServiceNotFound","message":"Cloud Run service projects/asmi-tj/locations/us-central1/services/nextapp for the function was not found. The function will not work correctly. Please redeploy."}],"environment":"GEN_2","url":"https://us-central1-asmi-tj.cloudfunctions.net/nextApp","satisfiesPzi":true},"stages":[{"name":"BUILD","message":"Build in progress","state":"IN_PROGRESS","resource":"projects/562980239653/locations/us-central1/builds/55ebebd6-66c7-4ec5-91ed-83a6da31ce79","resourceUri":"https://console.cloud.google.com/cloud-build/builds;region=us-central1/55ebebd6-66c7-4ec5-91ed-83a6da31ce79?project=562980239653"},{"name":"SERVICE","state":"NOT_STARTED"}],"operationType":"UPDATE_FUNCTION","buildName":"projects/562980239653/locations/us-central1/builds/55ebebd6-66c7-4ec5-91ed-83a6da31ce79"},"done":false}
[debug] [2025-04-24T10:15:30.875Z] [update-functions-asmi-us-central1-nextApp] Retrying task index 0
[debug] [2025-04-24T10:15:30.876Z] Checked if tokens are valid: true, expires at: 1745492342588
[debug] [2025-04-24T10:15:30.876Z] Checked if tokens are valid: true, expires at: 1745492342588
[debug] [2025-04-24T10:15:30.876Z] >>> [apiv2][query] GET https://cloudfunctions.googleapis.com/v2/projects/asmi-tj/locations/us-central1/operations/operation-1745489690461-633837cf5867e-09b411c1-6b9729c1 [none]
[debug] [2025-04-24T10:15:31.592Z] <<< [apiv2][status] GET https://cloudfunctions.googleapis.com/v2/projects/asmi-tj/locations/us-central1/operations/operation-1745489690461-633837cf5867e-09b411c1-6b9729c1 200
[debug] [2025-04-24T10:15:31.592Z] <<< [apiv2][body] GET https://cloudfunctions.googleapis.com/v2/projects/asmi-tj/locations/us-central1/operations/operation-1745489690461-633837cf5867e-09b411c1-6b9729c1 {"name":"projects/asmi-tj/locations/us-central1/operations/operation-1745489690461-633837cf5867e-09b411c1-6b9729c1","metadata":{"@type":"type.googleapis.com/google.cloud.functions.v2.OperationMetadata","createTime":"2025-04-24T10:14:51.293746605Z","target":"projects/asmi-tj/locations/us-central1/functions/nextApp","verb":"update","cancelRequested":false,"apiVersion":"v2","requestResource":{"@type":"type.googleapis.com/google.cloud.functions.v2.Function","name":"projects/asmi-tj/locations/us-central1/functions/nextApp","buildConfig":{"runtime":"nodejs22","entryPoint":"nextApp","source":{"storageSource":{"bucket":"gcf-v2-sources-562980239653-us-central1","object":"nextApp/function-source.zip","generation":"1745489691248536"}},"environmentVariables":{"GOOGLE_NODE_RUN_SCRIPTS":""},"dockerRepository":"projects/asmi-tj/locations/us-central1/repositories/gcf-artifacts","sourceProvenance":{"resolvedStorageSource":{"bucket":"gcf-v2-sources-562980239653-us-central1","object":"nextApp/function-source.zip","generation":"1745488780030709"}},"dockerRegistry":"ARTIFACT_REGISTRY","serviceAccount":"projects/asmi-tj/serviceAccounts/562980239653-compute@developer.gserviceaccount.com","automaticUpdatePolicy":{}},"serviceConfig":{"service":"projects/asmi-tj/locations/us-central1/services/nextapp","timeoutSeconds":300,"environmentVariables":{"FIREBASE_CONFIG":"{\"projectId\":\"asmi-tj\",\"storageBucket\":\"asmi-tj.firebasestorage.app\"}","GCLOUD_PROJECT":"asmi-tj","EVENTARC_CLOUD_EVENT_SOURCE":"projects/asmi-tj/locations/us-central1/services/nextApp","FUNCTION_TARGET":"nextApp","LOG_EXECUTION_ID":"true"},"ingressSettings":"ALLOW_ALL","serviceAccountEmail":"562980239653-compute@developer.gserviceaccount.com","availableMemory":"256Mi","maxInstanceRequestConcurrency":80,"availableCpu":"1"},"state":"FAILED","labels":{"firebase-functions-codebase":"functions-asmi","firebase-functions-hash":"d1a6cba684c24b86363063282e68ba172a480b02"},"stateMessages":[{"severity":"ERROR","type":"CloudRunServiceNotFound","message":"Cloud Run service projects/asmi-tj/locations/us-central1/services/nextapp for the function was not found. The function will not work correctly. Please redeploy."}],"environment":"GEN_2","url":"https://us-central1-asmi-tj.cloudfunctions.net/nextApp","satisfiesPzi":true},"stages":[{"name":"BUILD","message":"Build in progress","state":"IN_PROGRESS","resource":"projects/562980239653/locations/us-central1/builds/55ebebd6-66c7-4ec5-91ed-83a6da31ce79","resourceUri":"https://console.cloud.google.com/cloud-build/builds;region=us-central1/55ebebd6-66c7-4ec5-91ed-83a6da31ce79?project=562980239653"},{"name":"SERVICE","state":"NOT_STARTED"}],"operationType":"UPDATE_FUNCTION","buildName":"projects/562980239653/locations/us-central1/builds/55ebebd6-66c7-4ec5-91ed-83a6da31ce79"},"done":false}
[debug] [2025-04-24T10:15:41.594Z] [update-functions-asmi-us-central1-nextApp] Retrying task index 0
[debug] [2025-04-24T10:15:41.594Z] Checked if tokens are valid: true, expires at: 1745492342588
[debug] [2025-04-24T10:15:41.594Z] Checked if tokens are valid: true, expires at: 1745492342588
[debug] [2025-04-24T10:15:41.595Z] >>> [apiv2][query] GET https://cloudfunctions.googleapis.com/v2/projects/asmi-tj/locations/us-central1/operations/operation-1745489690461-633837cf5867e-09b411c1-6b9729c1 [none]
[debug] [2025-04-24T10:15:42.334Z] <<< [apiv2][status] GET https://cloudfunctions.googleapis.com/v2/projects/asmi-tj/locations/us-central1/operations/operation-1745489690461-633837cf5867e-09b411c1-6b9729c1 200
[debug] [2025-04-24T10:15:42.334Z] <<< [apiv2][body] GET https://cloudfunctions.googleapis.com/v2/projects/asmi-tj/locations/us-central1/operations/operation-1745489690461-633837cf5867e-09b411c1-6b9729c1 {"name":"projects/asmi-tj/locations/us-central1/operations/operation-1745489690461-633837cf5867e-09b411c1-6b9729c1","metadata":{"@type":"type.googleapis.com/google.cloud.functions.v2.OperationMetadata","createTime":"2025-04-24T10:14:51.293746605Z","target":"projects/asmi-tj/locations/us-central1/functions/nextApp","verb":"update","cancelRequested":false,"apiVersion":"v2","requestResource":{"@type":"type.googleapis.com/google.cloud.functions.v2.Function","name":"projects/asmi-tj/locations/us-central1/functions/nextApp","buildConfig":{"runtime":"nodejs22","entryPoint":"nextApp","source":{"storageSource":{"bucket":"gcf-v2-sources-562980239653-us-central1","object":"nextApp/function-source.zip","generation":"1745489691248536"}},"environmentVariables":{"GOOGLE_NODE_RUN_SCRIPTS":""},"dockerRepository":"projects/asmi-tj/locations/us-central1/repositories/gcf-artifacts","sourceProvenance":{"resolvedStorageSource":{"bucket":"gcf-v2-sources-562980239653-us-central1","object":"nextApp/function-source.zip","generation":"1745488780030709"}},"dockerRegistry":"ARTIFACT_REGISTRY","serviceAccount":"projects/asmi-tj/serviceAccounts/562980239653-compute@developer.gserviceaccount.com","automaticUpdatePolicy":{}},"serviceConfig":{"service":"projects/asmi-tj/locations/us-central1/services/nextapp","timeoutSeconds":300,"environmentVariables":{"FIREBASE_CONFIG":"{\"projectId\":\"asmi-tj\",\"storageBucket\":\"asmi-tj.firebasestorage.app\"}","GCLOUD_PROJECT":"asmi-tj","EVENTARC_CLOUD_EVENT_SOURCE":"projects/asmi-tj/locations/us-central1/services/nextApp","FUNCTION_TARGET":"nextApp","LOG_EXECUTION_ID":"true"},"ingressSettings":"ALLOW_ALL","serviceAccountEmail":"562980239653-compute@developer.gserviceaccount.com","availableMemory":"256Mi","maxInstanceRequestConcurrency":80,"availableCpu":"1"},"state":"FAILED","labels":{"firebase-functions-codebase":"functions-asmi","firebase-functions-hash":"d1a6cba684c24b86363063282e68ba172a480b02"},"stateMessages":[{"severity":"ERROR","type":"CloudRunServiceNotFound","message":"Cloud Run service projects/asmi-tj/locations/us-central1/services/nextapp for the function was not found. The function will not work correctly. Please redeploy."}],"environment":"GEN_2","url":"https://us-central1-asmi-tj.cloudfunctions.net/nextApp","satisfiesPzi":true},"stages":[{"name":"BUILD","message":"Build finished","state":"COMPLETE","resource":"projects/562980239653/locations/us-central1/builds/55ebebd6-66c7-4ec5-91ed-83a6da31ce79","resourceUri":"https://console.cloud.google.com/cloud-build/builds;region=us-central1/55ebebd6-66c7-4ec5-91ed-83a6da31ce79?project=562980239653"},{"name":"SERVICE","message":"Updating Cloud Run service","state":"IN_PROGRESS","resource":"projects/asmi-tj/locations/us-central1/services/nextapp","resourceUri":"https://console.cloud.google.com/run/detail/us-central1/nextapp?project=asmi-tj","stateMessages":[{"severity":"WARNING","type":"CloudRunServiceRecreated","message":"Cloud Run service projects/asmi-tj/locations/us-central1/services/nextapp for the function was not found. The service was redeployed with default values."}]}],"sourceToken":"Cldwcm9qZWN0cy81NjI5ODAyMzk2NTMvbG9jYXRpb25zL3VzLWNlbnRyYWwxL2J1aWxkcy81NWViZWJkNi02NmM3LTRlYzUtOTFlZC04M2E2ZGEzMWNlNzkSW3VzLWNlbnRyYWwxLWRvY2tlci5wa2cuZGV2L2FzbWktdGovZ2NmLWFydGlmYWN0cy9hc21pLS10al9fdXMtLWNlbnRyYWwxX19uZXh0X2FwcDp2ZXJzaW9uXzEYpfLyobEQIjhwcm9qZWN0cy9hc21pLXRqL2xvY2F0aW9ucy91cy1jZW50cmFsMS9mdW5jdGlvbnMvbmV4dEFwcCoMCMqeqMAGELjN6csDMghub2RlanMyMjp2CiNnY3IuaW8vZ2FlLXJ1bnRpbWVzL25vZGVqczIyOnN0YWJsZRJPdXMtY2VudHJhbDEtZG9ja2VyLnBrZy5kZXYvc2VydmVybGVzcy1ydW50aW1lcy9nb29nbGUtMjItZnVsbC9ydW50aW1lcy9ub2RlanMyMkAB","operationType":"UPDATE_FUNCTION","buildName":"projects/562980239653/locations/us-central1/builds/55ebebd6-66c7-4ec5-91ed-83a6da31ce79"},"done":false}
[debug] [2025-04-24T10:15:42.334Z] Got source token Cldwcm9qZWN0cy81NjI5ODAyMzk2NTMvbG9jYXRpb25zL3VzLWNlbnRyYWwxL2J1aWxkcy81NWViZWJkNi02NmM3LTRlYzUtOTFlZC04M2E2ZGEzMWNlNzkSW3VzLWNlbnRyYWwxLWRvY2tlci5wa2cuZGV2L2FzbWktdGovZ2NmLWFydGlmYWN0cy9hc21pLS10al9fdXMtLWNlbnRyYWwxX19uZXh0X2FwcDp2ZXJzaW9uXzEYpfLyobEQIjhwcm9qZWN0cy9hc21pLXRqL2xvY2F0aW9ucy91cy1jZW50cmFsMS9mdW5jdGlvbnMvbmV4dEFwcCoMCMqeqMAGELjN6csDMghub2RlanMyMjp2CiNnY3IuaW8vZ2FlLXJ1bnRpbWVzL25vZGVqczIyOnN0YWJsZRJPdXMtY2VudHJhbDEtZG9ja2VyLnBrZy5kZXYvc2VydmVybGVzcy1ydW50aW1lcy9nb29nbGUtMjItZnVsbC9ydW50aW1lcy9ub2RlanMyMkAB for region us-central1
[debug] [2025-04-24T10:15:52.336Z] [update-functions-asmi-us-central1-nextApp] Retrying task index 0
[debug] [2025-04-24T10:15:52.337Z] Checked if tokens are valid: true, expires at: 1745492342588
[debug] [2025-04-24T10:15:52.337Z] Checked if tokens are valid: true, expires at: 1745492342588
[debug] [2025-04-24T10:15:52.337Z] >>> [apiv2][query] GET https://cloudfunctions.googleapis.com/v2/projects/asmi-tj/locations/us-central1/operations/operation-1745489690461-633837cf5867e-09b411c1-6b9729c1 [none]
[debug] [2025-04-24T10:15:53.024Z] <<< [apiv2][status] GET https://cloudfunctions.googleapis.com/v2/projects/asmi-tj/locations/us-central1/operations/operation-1745489690461-633837cf5867e-09b411c1-6b9729c1 200
[debug] [2025-04-24T10:15:53.024Z] <<< [apiv2][body] GET https://cloudfunctions.googleapis.com/v2/projects/asmi-tj/locations/us-central1/operations/operation-1745489690461-633837cf5867e-09b411c1-6b9729c1 {"name":"projects/asmi-tj/locations/us-central1/operations/operation-1745489690461-633837cf5867e-09b411c1-6b9729c1","metadata":{"@type":"type.googleapis.com/google.cloud.functions.v2.OperationMetadata","createTime":"2025-04-24T10:14:51.293746605Z","target":"projects/asmi-tj/locations/us-central1/functions/nextApp","verb":"update","cancelRequested":false,"apiVersion":"v2","requestResource":{"@type":"type.googleapis.com/google.cloud.functions.v2.Function","name":"projects/asmi-tj/locations/us-central1/functions/nextApp","buildConfig":{"runtime":"nodejs22","entryPoint":"nextApp","source":{"storageSource":{"bucket":"gcf-v2-sources-562980239653-us-central1","object":"nextApp/function-source.zip","generation":"1745489691248536"}},"environmentVariables":{"GOOGLE_NODE_RUN_SCRIPTS":""},"dockerRepository":"projects/asmi-tj/locations/us-central1/repositories/gcf-artifacts","sourceProvenance":{"resolvedStorageSource":{"bucket":"gcf-v2-sources-562980239653-us-central1","object":"nextApp/function-source.zip","generation":"1745488780030709"}},"dockerRegistry":"ARTIFACT_REGISTRY","serviceAccount":"projects/asmi-tj/serviceAccounts/562980239653-compute@developer.gserviceaccount.com","automaticUpdatePolicy":{}},"serviceConfig":{"service":"projects/asmi-tj/locations/us-central1/services/nextapp","timeoutSeconds":300,"environmentVariables":{"FIREBASE_CONFIG":"{\"projectId\":\"asmi-tj\",\"storageBucket\":\"asmi-tj.firebasestorage.app\"}","GCLOUD_PROJECT":"asmi-tj","EVENTARC_CLOUD_EVENT_SOURCE":"projects/asmi-tj/locations/us-central1/services/nextApp","FUNCTION_TARGET":"nextApp","LOG_EXECUTION_ID":"true"},"ingressSettings":"ALLOW_ALL","serviceAccountEmail":"562980239653-compute@developer.gserviceaccount.com","availableMemory":"256Mi","maxInstanceRequestConcurrency":80,"availableCpu":"1"},"state":"FAILED","labels":{"firebase-functions-codebase":"functions-asmi","firebase-functions-hash":"d1a6cba684c24b86363063282e68ba172a480b02"},"stateMessages":[{"severity":"ERROR","type":"CloudRunServiceNotFound","message":"Cloud Run service projects/asmi-tj/locations/us-central1/services/nextapp for the function was not found. The function will not work correctly. Please redeploy."}],"environment":"GEN_2","url":"https://us-central1-asmi-tj.cloudfunctions.net/nextApp","satisfiesPzi":true},"stages":[{"name":"BUILD","message":"Build finished","state":"COMPLETE","resource":"projects/562980239653/locations/us-central1/builds/55ebebd6-66c7-4ec5-91ed-83a6da31ce79","resourceUri":"https://console.cloud.google.com/cloud-build/builds;region=us-central1/55ebebd6-66c7-4ec5-91ed-83a6da31ce79?project=562980239653"},{"name":"SERVICE","message":"Updating Cloud Run service","state":"IN_PROGRESS","resource":"projects/asmi-tj/locations/us-central1/services/nextapp","resourceUri":"https://console.cloud.google.com/run/detail/us-central1/nextapp?project=asmi-tj","stateMessages":[{"severity":"WARNING","type":"CloudRunServiceRecreated","message":"Cloud Run service projects/asmi-tj/locations/us-central1/services/nextapp for the function was not found. The service was redeployed with default values."}]}],"sourceToken":"Cldwcm9qZWN0cy81NjI5ODAyMzk2NTMvbG9jYXRpb25zL3VzLWNlbnRyYWwxL2J1aWxkcy81NWViZWJkNi02NmM3LTRlYzUtOTFlZC04M2E2ZGEzMWNlNzkSW3VzLWNlbnRyYWwxLWRvY2tlci5wa2cuZGV2L2FzbWktdGovZ2NmLWFydGlmYWN0cy9hc21pLS10al9fdXMtLWNlbnRyYWwxX19uZXh0X2FwcDp2ZXJzaW9uXzEYpfLyobEQIjhwcm9qZWN0cy9hc21pLXRqL2xvY2F0aW9ucy91cy1jZW50cmFsMS9mdW5jdGlvbnMvbmV4dEFwcCoMCMqeqMAGELjN6csDMghub2RlanMyMjp2CiNnY3IuaW8vZ2FlLXJ1bnRpbWVzL25vZGVqczIyOnN0YWJsZRJPdXMtY2VudHJhbDEtZG9ja2VyLnBrZy5kZXYvc2VydmVybGVzcy1ydW50aW1lcy9nb29nbGUtMjItZnVsbC9ydW50aW1lcy9ub2RlanMyMkAB","operationType":"UPDATE_FUNCTION","buildName":"projects/562980239653/locations/us-central1/builds/55ebebd6-66c7-4ec5-91ed-83a6da31ce79"},"done":false}
[debug] [2025-04-24T10:15:53.024Z] Got source token Cldwcm9qZWN0cy81NjI5ODAyMzk2NTMvbG9jYXRpb25zL3VzLWNlbnRyYWwxL2J1aWxkcy81NWViZWJkNi02NmM3LTRlYzUtOTFlZC04M2E2ZGEzMWNlNzkSW3VzLWNlbnRyYWwxLWRvY2tlci5wa2cuZGV2L2FzbWktdGovZ2NmLWFydGlmYWN0cy9hc21pLS10al9fdXMtLWNlbnRyYWwxX19uZXh0X2FwcDp2ZXJzaW9uXzEYpfLyobEQIjhwcm9qZWN0cy9hc21pLXRqL2xvY2F0aW9ucy91cy1jZW50cmFsMS9mdW5jdGlvbnMvbmV4dEFwcCoMCMqeqMAGELjN6csDMghub2RlanMyMjp2CiNnY3IuaW8vZ2FlLXJ1bnRpbWVzL25vZGVqczIyOnN0YWJsZRJPdXMtY2VudHJhbDEtZG9ja2VyLnBrZy5kZXYvc2VydmVybGVzcy1ydW50aW1lcy9nb29nbGUtMjItZnVsbC9ydW50aW1lcy9ub2RlanMyMkAB for region us-central1
[debug] [2025-04-24T10:16:03.026Z] [update-functions-asmi-us-central1-nextApp] Retrying task index 0
[debug] [2025-04-24T10:16:03.026Z] Checked if tokens are valid: true, expires at: 1745492342588
[debug] [2025-04-24T10:16:03.026Z] Checked if tokens are valid: true, expires at: 1745492342588
[debug] [2025-04-24T10:16:03.026Z] >>> [apiv2][query] GET https://cloudfunctions.googleapis.com/v2/projects/asmi-tj/locations/us-central1/operations/operation-1745489690461-633837cf5867e-09b411c1-6b9729c1 [none]
[debug] [2025-04-24T10:16:03.838Z] <<< [apiv2][status] GET https://cloudfunctions.googleapis.com/v2/projects/asmi-tj/locations/us-central1/operations/operation-1745489690461-633837cf5867e-09b411c1-6b9729c1 200
[debug] [2025-04-24T10:16:03.838Z] <<< [apiv2][body] GET https://cloudfunctions.googleapis.com/v2/projects/asmi-tj/locations/us-central1/operations/operation-1745489690461-633837cf5867e-09b411c1-6b9729c1 {"name":"projects/asmi-tj/locations/us-central1/operations/operation-1745489690461-633837cf5867e-09b411c1-6b9729c1","metadata":{"@type":"type.googleapis.com/google.cloud.functions.v2.OperationMetadata","createTime":"2025-04-24T10:14:51.293746605Z","target":"projects/asmi-tj/locations/us-central1/functions/nextApp","verb":"update","cancelRequested":false,"apiVersion":"v2","requestResource":{"@type":"type.googleapis.com/google.cloud.functions.v2.Function","name":"projects/asmi-tj/locations/us-central1/functions/nextApp","buildConfig":{"runtime":"nodejs22","entryPoint":"nextApp","source":{"storageSource":{"bucket":"gcf-v2-sources-562980239653-us-central1","object":"nextApp/function-source.zip","generation":"1745489691248536"}},"environmentVariables":{"GOOGLE_NODE_RUN_SCRIPTS":""},"dockerRepository":"projects/asmi-tj/locations/us-central1/repositories/gcf-artifacts","sourceProvenance":{"resolvedStorageSource":{"bucket":"gcf-v2-sources-562980239653-us-central1","object":"nextApp/function-source.zip","generation":"1745488780030709"}},"dockerRegistry":"ARTIFACT_REGISTRY","serviceAccount":"projects/asmi-tj/serviceAccounts/562980239653-compute@developer.gserviceaccount.com","automaticUpdatePolicy":{}},"serviceConfig":{"service":"projects/asmi-tj/locations/us-central1/services/nextapp","timeoutSeconds":300,"environmentVariables":{"FIREBASE_CONFIG":"{\"projectId\":\"asmi-tj\",\"storageBucket\":\"asmi-tj.firebasestorage.app\"}","GCLOUD_PROJECT":"asmi-tj","EVENTARC_CLOUD_EVENT_SOURCE":"projects/asmi-tj/locations/us-central1/services/nextApp","FUNCTION_TARGET":"nextApp","LOG_EXECUTION_ID":"true"},"ingressSettings":"ALLOW_ALL","serviceAccountEmail":"562980239653-compute@developer.gserviceaccount.com","availableMemory":"256Mi","maxInstanceRequestConcurrency":80,"availableCpu":"1"},"state":"FAILED","labels":{"firebase-functions-codebase":"functions-asmi","firebase-functions-hash":"d1a6cba684c24b86363063282e68ba172a480b02"},"stateMessages":[{"severity":"ERROR","type":"CloudRunServiceNotFound","message":"Cloud Run service projects/asmi-tj/locations/us-central1/services/nextapp for the function was not found. The function will not work correctly. Please redeploy."}],"environment":"GEN_2","url":"https://us-central1-asmi-tj.cloudfunctions.net/nextApp","satisfiesPzi":true},"stages":[{"name":"BUILD","message":"Build finished","state":"COMPLETE","resource":"projects/562980239653/locations/us-central1/builds/55ebebd6-66c7-4ec5-91ed-83a6da31ce79","resourceUri":"https://console.cloud.google.com/cloud-build/builds;region=us-central1/55ebebd6-66c7-4ec5-91ed-83a6da31ce79?project=562980239653"},{"name":"SERVICE","message":"Updating Cloud Run service","state":"IN_PROGRESS","resource":"projects/asmi-tj/locations/us-central1/services/nextapp","resourceUri":"https://console.cloud.google.com/run/detail/us-central1/nextapp?project=asmi-tj","stateMessages":[{"severity":"WARNING","type":"CloudRunServiceRecreated","message":"Cloud Run service projects/asmi-tj/locations/us-central1/services/nextapp for the function was not found. The service was redeployed with default values."}]}],"sourceToken":"Cldwcm9qZWN0cy81NjI5ODAyMzk2NTMvbG9jYXRpb25zL3VzLWNlbnRyYWwxL2J1aWxkcy81NWViZWJkNi02NmM3LTRlYzUtOTFlZC04M2E2ZGEzMWNlNzkSW3VzLWNlbnRyYWwxLWRvY2tlci5wa2cuZGV2L2FzbWktdGovZ2NmLWFydGlmYWN0cy9hc21pLS10al9fdXMtLWNlbnRyYWwxX19uZXh0X2FwcDp2ZXJzaW9uXzEYpfLyobEQIjhwcm9qZWN0cy9hc21pLXRqL2xvY2F0aW9ucy91cy1jZW50cmFsMS9mdW5jdGlvbnMvbmV4dEFwcCoMCMqeqMAGELjN6csDMghub2RlanMyMjp2CiNnY3IuaW8vZ2FlLXJ1bnRpbWVzL25vZGVqczIyOnN0YWJsZRJPdXMtY2VudHJhbDEtZG9ja2VyLnBrZy5kZXYvc2VydmVybGVzcy1ydW50aW1lcy9nb29nbGUtMjItZnVsbC9ydW50aW1lcy9ub2RlanMyMkAB","operationType":"UPDATE_FUNCTION","buildName":"projects/562980239653/locations/us-central1/builds/55ebebd6-66c7-4ec5-91ed-83a6da31ce79"},"done":false}
[debug] [2025-04-24T10:16:03.838Z] Got source token Cldwcm9qZWN0cy81NjI5ODAyMzk2NTMvbG9jYXRpb25zL3VzLWNlbnRyYWwxL2J1aWxkcy81NWViZWJkNi02NmM3LTRlYzUtOTFlZC04M2E2ZGEzMWNlNzkSW3VzLWNlbnRyYWwxLWRvY2tlci5wa2cuZGV2L2FzbWktdGovZ2NmLWFydGlmYWN0cy9hc21pLS10al9fdXMtLWNlbnRyYWwxX19uZXh0X2FwcDp2ZXJzaW9uXzEYpfLyobEQIjhwcm9qZWN0cy9hc21pLXRqL2xvY2F0aW9ucy91cy1jZW50cmFsMS9mdW5jdGlvbnMvbmV4dEFwcCoMCMqeqMAGELjN6csDMghub2RlanMyMjp2CiNnY3IuaW8vZ2FlLXJ1bnRpbWVzL25vZGVqczIyOnN0YWJsZRJPdXMtY2VudHJhbDEtZG9ja2VyLnBrZy5kZXYvc2VydmVybGVzcy1ydW50aW1lcy9nb29nbGUtMjItZnVsbC9ydW50aW1lcy9ub2RlanMyMkAB for region us-central1
[debug] [2025-04-24T10:16:13.839Z] [update-functions-asmi-us-central1-nextApp] Retrying task index 0
[debug] [2025-04-24T10:16:13.839Z] Checked if tokens are valid: true, expires at: 1745492342588
[debug] [2025-04-24T10:16:13.839Z] Checked if tokens are valid: true, expires at: 1745492342588
[debug] [2025-04-24T10:16:13.839Z] >>> [apiv2][query] GET https://cloudfunctions.googleapis.com/v2/projects/asmi-tj/locations/us-central1/operations/operation-1745489690461-633837cf5867e-09b411c1-6b9729c1 [none]
[debug] [2025-04-24T10:16:14.547Z] <<< [apiv2][status] GET https://cloudfunctions.googleapis.com/v2/projects/asmi-tj/locations/us-central1/operations/operation-1745489690461-633837cf5867e-09b411c1-6b9729c1 200
[debug] [2025-04-24T10:16:14.547Z] <<< [apiv2][body] GET https://cloudfunctions.googleapis.com/v2/projects/asmi-tj/locations/us-central1/operations/operation-1745489690461-633837cf5867e-09b411c1-6b9729c1 {"name":"projects/asmi-tj/locations/us-central1/operations/operation-1745489690461-633837cf5867e-09b411c1-6b9729c1","metadata":{"@type":"type.googleapis.com/google.cloud.functions.v2.OperationMetadata","createTime":"2025-04-24T10:14:51.293746605Z","target":"projects/asmi-tj/locations/us-central1/functions/nextApp","verb":"update","cancelRequested":false,"apiVersion":"v2","requestResource":{"@type":"type.googleapis.com/google.cloud.functions.v2.Function","name":"projects/asmi-tj/locations/us-central1/functions/nextApp","buildConfig":{"runtime":"nodejs22","entryPoint":"nextApp","source":{"storageSource":{"bucket":"gcf-v2-sources-562980239653-us-central1","object":"nextApp/function-source.zip","generation":"1745489691248536"}},"environmentVariables":{"GOOGLE_NODE_RUN_SCRIPTS":""},"dockerRepository":"projects/asmi-tj/locations/us-central1/repositories/gcf-artifacts","sourceProvenance":{"resolvedStorageSource":{"bucket":"gcf-v2-sources-562980239653-us-central1","object":"nextApp/function-source.zip","generation":"1745488780030709"}},"dockerRegistry":"ARTIFACT_REGISTRY","serviceAccount":"projects/asmi-tj/serviceAccounts/562980239653-compute@developer.gserviceaccount.com","automaticUpdatePolicy":{}},"serviceConfig":{"service":"projects/asmi-tj/locations/us-central1/services/nextapp","timeoutSeconds":300,"environmentVariables":{"FIREBASE_CONFIG":"{\"projectId\":\"asmi-tj\",\"storageBucket\":\"asmi-tj.firebasestorage.app\"}","GCLOUD_PROJECT":"asmi-tj","EVENTARC_CLOUD_EVENT_SOURCE":"projects/asmi-tj/locations/us-central1/services/nextApp","FUNCTION_TARGET":"nextApp","LOG_EXECUTION_ID":"true"},"ingressSettings":"ALLOW_ALL","serviceAccountEmail":"562980239653-compute@developer.gserviceaccount.com","availableMemory":"256Mi","maxInstanceRequestConcurrency":80,"availableCpu":"1"},"state":"FAILED","labels":{"firebase-functions-codebase":"functions-asmi","firebase-functions-hash":"d1a6cba684c24b86363063282e68ba172a480b02"},"stateMessages":[{"severity":"ERROR","type":"CloudRunServiceNotFound","message":"Cloud Run service projects/asmi-tj/locations/us-central1/services/nextapp for the function was not found. The function will not work correctly. Please redeploy."}],"environment":"GEN_2","url":"https://us-central1-asmi-tj.cloudfunctions.net/nextApp","satisfiesPzi":true},"stages":[{"name":"BUILD","message":"Build finished","state":"COMPLETE","resource":"projects/562980239653/locations/us-central1/builds/55ebebd6-66c7-4ec5-91ed-83a6da31ce79","resourceUri":"https://console.cloud.google.com/cloud-build/builds;region=us-central1/55ebebd6-66c7-4ec5-91ed-83a6da31ce79?project=562980239653"},{"name":"SERVICE","message":"Updating Cloud Run service","state":"IN_PROGRESS","resource":"projects/asmi-tj/locations/us-central1/services/nextapp","resourceUri":"https://console.cloud.google.com/run/detail/us-central1/nextapp?project=asmi-tj","stateMessages":[{"severity":"WARNING","type":"CloudRunServiceRecreated","message":"Cloud Run service projects/asmi-tj/locations/us-central1/services/nextapp for the function was not found. The service was redeployed with default values."}]}],"sourceToken":"Cldwcm9qZWN0cy81NjI5ODAyMzk2NTMvbG9jYXRpb25zL3VzLWNlbnRyYWwxL2J1aWxkcy81NWViZWJkNi02NmM3LTRlYzUtOTFlZC04M2E2ZGEzMWNlNzkSW3VzLWNlbnRyYWwxLWRvY2tlci5wa2cuZGV2L2FzbWktdGovZ2NmLWFydGlmYWN0cy9hc21pLS10al9fdXMtLWNlbnRyYWwxX19uZXh0X2FwcDp2ZXJzaW9uXzEYpfLyobEQIjhwcm9qZWN0cy9hc21pLXRqL2xvY2F0aW9ucy91cy1jZW50cmFsMS9mdW5jdGlvbnMvbmV4dEFwcCoMCMqeqMAGELjN6csDMghub2RlanMyMjp2CiNnY3IuaW8vZ2FlLXJ1bnRpbWVzL25vZGVqczIyOnN0YWJsZRJPdXMtY2VudHJhbDEtZG9ja2VyLnBrZy5kZXYvc2VydmVybGVzcy1ydW50aW1lcy9nb29nbGUtMjItZnVsbC9ydW50aW1lcy9ub2RlanMyMkAB","operationType":"UPDATE_FUNCTION","buildName":"projects/562980239653/locations/us-central1/builds/55ebebd6-66c7-4ec5-91ed-83a6da31ce79"},"done":false}
[debug] [2025-04-24T10:16:14.547Z] Got source token Cldwcm9qZWN0cy81NjI5ODAyMzk2NTMvbG9jYXRpb25zL3VzLWNlbnRyYWwxL2J1aWxkcy81NWViZWJkNi02NmM3LTRlYzUtOTFlZC04M2E2ZGEzMWNlNzkSW3VzLWNlbnRyYWwxLWRvY2tlci5wa2cuZGV2L2FzbWktdGovZ2NmLWFydGlmYWN0cy9hc21pLS10al9fdXMtLWNlbnRyYWwxX19uZXh0X2FwcDp2ZXJzaW9uXzEYpfLyobEQIjhwcm9qZWN0cy9hc21pLXRqL2xvY2F0aW9ucy91cy1jZW50cmFsMS9mdW5jdGlvbnMvbmV4dEFwcCoMCMqeqMAGELjN6csDMghub2RlanMyMjp2CiNnY3IuaW8vZ2FlLXJ1bnRpbWVzL25vZGVqczIyOnN0YWJsZRJPdXMtY2VudHJhbDEtZG9ja2VyLnBrZy5kZXYvc2VydmVybGVzcy1ydW50aW1lcy9nb29nbGUtMjItZnVsbC9ydW50aW1lcy9ub2RlanMyMkAB for region us-central1
[debug] [2025-04-24T10:16:24.548Z] [update-functions-asmi-us-central1-nextApp] Retrying task index 0
[debug] [2025-04-24T10:16:24.548Z] Checked if tokens are valid: true, expires at: 1745492342588
[debug] [2025-04-24T10:16:24.548Z] Checked if tokens are valid: true, expires at: 1745492342588
[debug] [2025-04-24T10:16:24.549Z] >>> [apiv2][query] GET https://cloudfunctions.googleapis.com/v2/projects/asmi-tj/locations/us-central1/operations/operation-1745489690461-633837cf5867e-09b411c1-6b9729c1 [none]
[debug] [2025-04-24T10:16:25.264Z] <<< [apiv2][status] GET https://cloudfunctions.googleapis.com/v2/projects/asmi-tj/locations/us-central1/operations/operation-1745489690461-633837cf5867e-09b411c1-6b9729c1 200
[debug] [2025-04-24T10:16:25.264Z] <<< [apiv2][body] GET https://cloudfunctions.googleapis.com/v2/projects/asmi-tj/locations/us-central1/operations/operation-1745489690461-633837cf5867e-09b411c1-6b9729c1 {"name":"projects/asmi-tj/locations/us-central1/operations/operation-1745489690461-633837cf5867e-09b411c1-6b9729c1","metadata":{"@type":"type.googleapis.com/google.cloud.functions.v2.OperationMetadata","createTime":"2025-04-24T10:14:51.293746605Z","endTime":"2025-04-24T10:16:17.302570089Z","target":"projects/asmi-tj/locations/us-central1/functions/nextApp","verb":"update","cancelRequested":false,"apiVersion":"v2","requestResource":{"@type":"type.googleapis.com/google.cloud.functions.v2.Function","name":"projects/asmi-tj/locations/us-central1/functions/nextApp","buildConfig":{"runtime":"nodejs22","entryPoint":"nextApp","source":{"storageSource":{"bucket":"gcf-v2-sources-562980239653-us-central1","object":"nextApp/function-source.zip","generation":"1745489691248536"}},"environmentVariables":{"GOOGLE_NODE_RUN_SCRIPTS":""},"dockerRepository":"projects/asmi-tj/locations/us-central1/repositories/gcf-artifacts","sourceProvenance":{"resolvedStorageSource":{"bucket":"gcf-v2-sources-562980239653-us-central1","object":"nextApp/function-source.zip","generation":"1745488780030709"}},"dockerRegistry":"ARTIFACT_REGISTRY","serviceAccount":"projects/asmi-tj/serviceAccounts/562980239653-compute@developer.gserviceaccount.com","automaticUpdatePolicy":{}},"serviceConfig":{"service":"projects/asmi-tj/locations/us-central1/services/nextapp","timeoutSeconds":300,"environmentVariables":{"FIREBASE_CONFIG":"{\"projectId\":\"asmi-tj\",\"storageBucket\":\"asmi-tj.firebasestorage.app\"}","GCLOUD_PROJECT":"asmi-tj","EVENTARC_CLOUD_EVENT_SOURCE":"projects/asmi-tj/locations/us-central1/services/nextApp","FUNCTION_TARGET":"nextApp","LOG_EXECUTION_ID":"true"},"ingressSettings":"ALLOW_ALL","serviceAccountEmail":"562980239653-compute@developer.gserviceaccount.com","availableMemory":"256Mi","maxInstanceRequestConcurrency":80,"availableCpu":"1"},"state":"FAILED","labels":{"firebase-functions-codebase":"functions-asmi","firebase-functions-hash":"d1a6cba684c24b86363063282e68ba172a480b02"},"stateMessages":[{"severity":"ERROR","type":"CloudRunServiceNotFound","message":"Cloud Run service projects/asmi-tj/locations/us-central1/services/nextapp for the function was not found. The function will not work correctly. Please redeploy."}],"environment":"GEN_2","url":"https://us-central1-asmi-tj.cloudfunctions.net/nextApp","satisfiesPzi":true},"stages":[{"name":"SERVICE","state":"NOT_STARTED"}],"operationType":"UPDATE_FUNCTION"},"done":true,"error":{"code":3,"message":"Could not create or update Cloud Run service nextapp, Container Healthcheck failed. Revision 'nextapp-00001-xuf' is not ready and cannot serve traffic. The user-provided container failed to start and listen on the port defined provided by the PORT=8080 environment variable within the allocated timeout. This can happen when the container port is misconfigured or if the timeout is too short. The health check timeout can be extended. Logs for this revision might contain more information.\n\nLogs URL: https://console.cloud.google.com/logs/viewer?project=asmi-tj&resource=cloud_run_revision/service_name/nextapp/revision_name/nextapp-00001-xuf&advancedFilter=resource.type%3D%22cloud_run_revision%22%0Aresource.labels.service_name%3D%22nextapp%22%0Aresource.labels.revision_name%3D%22nextapp-00001-xuf%22 \nFor more troubleshooting guidance, see https://cloud.google.com/run/docs/troubleshooting#container-failed-to-start"}}
[debug] [2025-04-24T10:16:25.264Z] Got source token undefined for region us-central1
[error] Could not create or update Cloud Run service nextapp, Container Healthcheck failed. Revision 'nextapp-00001-xuf' is not ready and cannot serve traffic. The user-provided container failed to start and listen on the port defined provided by the PORT=8080 environment variable within the allocated timeout. This can happen when the container port is misconfigured or if the timeout is too short. The health check timeout can be extended. Logs for this revision might contain more information.

Logs URL: https://console.cloud.google.com/logs/viewer?project=asmi-tj&resource=cloud_run_revision/service_name/nextapp/revision_name/nextapp-00001-xuf&advancedFilter=resource.type%3D%22cloud_run_revision%22%0Aresource.labels.service_name%3D%22nextapp%22%0Aresource.labels.revision_name%3D%22nextapp-00001-xuf%22 
For more troubleshooting guidance, see https://cloud.google.com/run/docs/troubleshooting#container-failed-to-start
[debug] [2025-04-24T10:16:25.266Z] Total Function Deployment time: 95461
[debug] [2025-04-24T10:16:25.266Z] 1 Functions Deployed
[debug] [2025-04-24T10:16:25.266Z] 1 Functions Errored
[debug] [2025-04-24T10:16:25.266Z] 0 Function Deployments Aborted
[debug] [2025-04-24T10:16:25.266Z] Average Function Deployment time: 95461
[info] 
[info] Functions deploy had errors with the following functions:
	functions-asmi:nextApp(us-central1)
[debug] [2025-04-24T10:16:25.408Z] Not printing URL for HTTPS function. Typically this means it didn't match a filter or we failed deployment
[debug] [2025-04-24T10:16:25.408Z] Checked if tokens are valid: true, expires at: 1745492342588
[debug] [2025-04-24T10:16:25.408Z] Checked if tokens are valid: true, expires at: 1745492342588
[debug] [2025-04-24T10:16:25.408Z] >>> [apiv2][query] GET https://artifactregistry.googleapis.com/v1/projects/asmi-tj/locations/us-central1/repositories/gcf-artifacts [none]
[debug] [2025-04-24T10:16:26.209Z] <<< [apiv2][status] GET https://artifactregistry.googleapis.com/v1/projects/asmi-tj/locations/us-central1/repositories/gcf-artifacts 200
[debug] [2025-04-24T10:16:26.209Z] <<< [apiv2][body] GET https://artifactregistry.googleapis.com/v1/projects/asmi-tj/locations/us-central1/repositories/gcf-artifacts {"name":"projects/asmi-tj/locations/us-central1/repositories/gcf-artifacts","format":"DOCKER","description":"This repository is created and used by Cloud Functions for storing function docker images.","labels":{"goog-managed-by":"cloudfunctions"},"createTime":"2025-04-24T09:59:47.976635Z","updateTime":"2025-04-24T10:15:35.084244Z","mode":"STANDARD_REPOSITORY","cleanupPolicies":{"firebase-functions-cleanup":{"id":"firebase-functions-cleanup","action":"DELETE","condition":{"tagState":"ANY","olderThan":"86400s"}}},"sizeBytes":"119837421","vulnerabilityScanningConfig":{"lastEnableTime":"2025-04-24T09:59:40.429596441Z","enablementState":"SCANNING_DISABLED","enablementStateReason":"API containerscanning.googleapis.com is not enabled."},"satisfiesPzi":true,"registryUri":"us-central1-docker.pkg.dev/asmi-tj/gcf-artifacts"}
[debug] [2025-04-24T10:16:26.209Z] Functions deploy failed.
[debug] [2025-04-24T10:16:26.209Z] {
  "endpoint": {
    "id": "nextApp",
    "project": "asmi-tj",
    "region": "us-central1",
    "entryPoint": "nextApp",
    "platform": "gcfv2",
    "runtime": "nodejs22",
    "httpsTrigger": {},
    "labels": {
      "deployment-tool": "cli-firebase"
    },
    "serviceAccount": null,
    "ingressSettings": null,
    "availableMemoryMb": null,
    "timeoutSeconds": 300,
    "maxInstances": null,
    "minInstances": null,
    "concurrency": 80,
    "vpc": null,
    "environmentVariables": {
      "FIREBASE_CONFIG": "{\"projectId\":\"asmi-tj\",\"storageBucket\":\"asmi-tj.firebasestorage.app\"}",
      "GCLOUD_PROJECT": "asmi-tj",
      "EVENTARC_CLOUD_EVENT_SOURCE": "projects/asmi-tj/locations/us-central1/services/nextApp"
    },
    "codebase": "functions-asmi",
    "securityLevel": "SECURE_ALWAYS",
    "cpu": 1,
    "targetedByOnly": true,
    "hash": "d1a6cba684c24b86363063282e68ba172a480b02"
  },
  "op": "update",
  "original": {
    "name": "FirebaseError",
    "children": [],
    "exit": 1,
    "message": "Could not create or update Cloud Run service nextapp, Container Healthcheck failed. Revision 'nextapp-00001-xuf' is not ready and cannot serve traffic. The user-provided container failed to start and listen on the port defined provided by the PORT=8080 environment variable within the allocated timeout. This can happen when the container port is misconfigured or if the timeout is too short. The health check timeout can be extended. Logs for this revision might contain more information.\n\nLogs URL: https://console.cloud.google.com/logs/viewer?project=asmi-tj&resource=cloud_run_revision/service_name/nextapp/revision_name/nextapp-00001-xuf&advancedFilter=resource.type%3D%22cloud_run_revision%22%0Aresource.labels.service_name%3D%22nextapp%22%0Aresource.labels.revision_name%3D%22nextapp-00001-xuf%22 \nFor more troubleshooting guidance, see https://cloud.google.com/run/docs/troubleshooting#container-failed-to-start",
    "original": {
      "code": 3,
      "message": "Could not create or update Cloud Run service nextapp, Container Healthcheck failed. Revision 'nextapp-00001-xuf' is not ready and cannot serve traffic. The user-provided container failed to start and listen on the port defined provided by the PORT=8080 environment variable within the allocated timeout. This can happen when the container port is misconfigured or if the timeout is too short. The health check timeout can be extended. Logs for this revision might contain more information.\n\nLogs URL: https://console.cloud.google.com/logs/viewer?project=asmi-tj&resource=cloud_run_revision/service_name/nextapp/revision_name/nextapp-00001-xuf&advancedFilter=resource.type%3D%22cloud_run_revision%22%0Aresource.labels.service_name%3D%22nextapp%22%0Aresource.labels.revision_name%3D%22nextapp-00001-xuf%22 \nFor more troubleshooting guidance, see https://cloud.google.com/run/docs/troubleshooting#container-failed-to-start"
    },
    "status": 3,
    "code": 3
  }
}
[debug] [2025-04-24T10:16:26.223Z] Error: Failed to update function nextApp in region us-central1
    at /Users/georgeaddai/.nvm/versions/node/v23.11.0/lib/node_modules/firebase-tools/lib/deploy/functions/release/fabricator.js:399:19
    at process.processTicksAndRejections (node:internal/process/task_queues:105:5)
    at async Fabricator.updateV2Function (/Users/georgeaddai/.nvm/versions/node/v23.11.0/lib/node_modules/firebase-tools/lib/deploy/functions/release/fabricator.js:388:32)
    at async Fabricator.updateEndpoint (/Users/georgeaddai/.nvm/versions/node/v23.11.0/lib/node_modules/firebase-tools/lib/deploy/functions/release/fabricator.js:155:13)
    at async handle (/Users/georgeaddai/.nvm/versions/node/v23.11.0/lib/node_modules/firebase-tools/lib/deploy/functions/release/fabricator.js:89:17)
[error] 
[error] Error: There was an error deploying functions
